WARNING:root:  2019-04-29 08:49:40 — !!! https://www.google.com/ !!! — 200
WARNING:root:  2019-04-29 08:49:41 — !!! https://events.promgruz.com/ !!! — 200
WARNING:root:  2019-04-29 08:49:41 — !!! https://railexpoua.com/ !!! — 200
WARNING:root:  2019-04-29 08:49:42 — !!! https://freight-forum.com !!! — 200
WARNING:root:  2019-04-29 08:49:43 — !!! https://ukrvantage.com !!! — 200
WARNING:root:  2019-04-29 08:49:43 — !!! https://event.promgruz.com/dniproshipping !!! — 200
WARNING:root:  2019-04-29 08:49:44 — !!! https://event.promgruz.com/uarailways !!! — 200
ERROR:root:  2019-04-29 08:49:45 — !!! https://promgruz.com !!! — HTTPSConnectionPool(host='promgruz.com', port=443): Max retries exceeded with url: / (Caused by SSLError(SSLError(1, '[SSL: CERTIFICATE_VERIFY_FAILED] certificate verify failed (_ssl.c:847)'),))
ERROR:root:  2019-04-29 08:49:46 — !!! https://provagon.com !!! — HTTPSConnectionPool(host='provagon.com', port=443): Max retries exceeded with url: / (Caused by SSLError(SSLError(1, '[SSL: CERTIFICATE_VERIFY_FAILED] certificate verify failed (_ssl.c:847)'),))
WARNING:root:  2019-04-29 08:49:48 — !!! https://remontvagon.com/ !!! — 200
WARNING:root:  2019-04-29 08:49:48 — !!! https://zdperevozka.com/ !!! — 200
ERROR:root:  2019-04-29 08:49:49 — !!! http://test.mitenka.dp.ua/ !!! — 403
WARNING:root:  2019-04-29 08:59:47 — !!! https://www.google.com/ !!! — 200
WARNING:root:  2019-04-29 08:59:48 — !!! https://events.promgruz.com/ !!! — 200
WARNING:root:  2019-04-29 08:59:48 — !!! https://railexpoua.com/ !!! — 200
WARNING:root:  2019-04-29 08:59:48 — !!! https://freight-forum.com !!! — 200
WARNING:root:  2019-04-29 08:59:49 — !!! https://ukrvantage.com !!! — 200
WARNING:root:  2019-04-29 08:59:49 — !!! https://event.promgruz.com/dniproshipping !!! — 200
WARNING:root:  2019-04-29 08:59:50 — !!! https://event.promgruz.com/uarailways !!! — 200
ERROR:root:  2019-04-29 08:59:51 — !!! https://promgruz.com !!! — HTTPSConnectionPool(host='promgruz.com', port=443): Max retries exceeded with url: / (Caused by SSLError(SSLError(1, '[SSL: CERTIFICATE_VERIFY_FAILED] certificate verify failed (_ssl.c:847)'),))
ERROR:root:  2019-04-29 08:59:53 — !!! https://provagon.com !!! — HTTPSConnectionPool(host='provagon.com', port=443): Max retries exceeded with url: / (Caused by SSLError(SSLError(1, '[SSL: CERTIFICATE_VERIFY_FAILED] certificate verify failed (_ssl.c:847)'),))
WARNING:root:  2019-04-29 08:59:54 — !!! https://remontvagon.com/ !!! — 200
WARNING:root:  2019-04-29 08:59:54 — !!! https://zdperevozka.com/ !!! — 200
ERROR:root:  2019-04-29 08:59:55 — !!! http://test.mitenka.dp.ua/ !!! — 403
ERROR:root:  2019-04-29 08:59:55 — !!! http://test.mitenka.dp.ua/ !!! — 'str' object has no attribute 'drop_counter'
ERROR:root:  2019-04-29 09:01:48 — !!! https://www.google.com/ !!! BACK ONLINE — 200
WARNING:root:  2019-04-29 09:01:48 — !!! https://www.google.com/ !!! — 200
ERROR:root:  2019-04-29 09:01:50 — !!! https://events.promgruz.com/ !!! BACK ONLINE — 200
WARNING:root:  2019-04-29 09:01:50 — !!! https://events.promgruz.com/ !!! — 200
ERROR:root:  2019-04-29 09:01:52 — !!! https://railexpoua.com/ !!! BACK ONLINE — 200
WARNING:root:  2019-04-29 09:01:52 — !!! https://railexpoua.com/ !!! — 200
ERROR:root:  2019-04-29 09:01:54 — !!! https://freight-forum.com !!! BACK ONLINE — 200
WARNING:root:  2019-04-29 09:01:54 — !!! https://freight-forum.com !!! — 200
ERROR:root:  2019-04-29 09:01:56 — !!! https://ukrvantage.com !!! BACK ONLINE — 200
WARNING:root:  2019-04-29 09:01:56 — !!! https://ukrvantage.com !!! — 200
ERROR:root:  2019-04-29 09:01:58 — !!! https://event.promgruz.com/dniproshipping !!! BACK ONLINE — 200
WARNING:root:  2019-04-29 09:01:58 — !!! https://event.promgruz.com/dniproshipping !!! — 200
ERROR:root:  2019-04-29 09:02:00 — !!! https://event.promgruz.com/uarailways !!! BACK ONLINE — 200
WARNING:root:  2019-04-29 09:02:00 — !!! https://event.promgruz.com/uarailways !!! — 200
ERROR:root:  2019-04-29 09:02:02 — !!! https://promgruz.com !!! — HTTPSConnectionPool(host='promgruz.com', port=443): Max retries exceeded with url: / (Caused by SSLError(SSLError(1, '[SSL: CERTIFICATE_VERIFY_FAILED] certificate verify failed (_ssl.c:847)'),))
ERROR:root:  2019-04-29 09:05:48 — !!! https://www.google.com/ !!! BACK ONLINE — 200
WARNING:root:  2019-04-29 09:05:48 — !!! https://www.google.com/ !!! — 200
ERROR:root:  2019-04-29 09:05:50 — !!! https://events.promgruz.com/ !!! BACK ONLINE — 200
WARNING:root:  2019-04-29 09:05:50 — !!! https://events.promgruz.com/ !!! — 200
ERROR:root:  2019-04-29 09:05:52 — !!! https://railexpoua.com/ !!! BACK ONLINE — 200
WARNING:root:  2019-04-29 09:05:52 — !!! https://railexpoua.com/ !!! — 200
ERROR:root:  2019-04-29 09:05:54 — !!! https://freight-forum.com !!! BACK ONLINE — 200
WARNING:root:  2019-04-29 09:05:54 — !!! https://freight-forum.com !!! — 200
ERROR:root:  2019-04-29 09:05:55 — !!! https://ukrvantage.com !!! BACK ONLINE — 200
WARNING:root:  2019-04-29 09:05:55 — !!! https://ukrvantage.com !!! — 200
ERROR:root:  2019-04-29 09:05:57 — !!! https://event.promgruz.com/dniproshipping !!! BACK ONLINE — 200
WARNING:root:  2019-04-29 09:05:57 — !!! https://event.promgruz.com/dniproshipping !!! — 200
ERROR:root:  2019-04-29 09:05:59 — !!! https://event.promgruz.com/uarailways !!! BACK ONLINE — 200
WARNING:root:  2019-04-29 09:05:59 — !!! https://event.promgruz.com/uarailways !!! — 200
ERROR:root:  2019-04-29 09:06:02 — !!! https://promgruz.com !!! — HTTPSConnectionPool(host='promgruz.com', port=443): Max retries exceeded with url: / (Caused by SSLError(SSLError(1, '[SSL: CERTIFICATE_VERIFY_FAILED] certificate verify failed (_ssl.c:847)'),))
ERROR:root:  2019-04-29 09:08:17 — !!! https://www.google.com/ !!! BACK ONLINE — 200
WARNING:root:  2019-04-29 09:08:17 — !!! https://www.google.com/ !!! — 200
ERROR:root:  2019-04-29 09:08:19 — !!! https://events.promgruz.com/ !!! BACK ONLINE — 200
WARNING:root:  2019-04-29 09:08:19 — !!! https://events.promgruz.com/ !!! — 200
ERROR:root:  2019-04-29 09:08:20 — !!! https://railexpoua.com/ !!! BACK ONLINE — 200
WARNING:root:  2019-04-29 09:10:00 — !!! https://www.google.com/ !!! — 200
WARNING:root:  2019-04-29 09:10:00 — !!! https://events.promgruz.com/ !!! — 200
WARNING:root:  2019-04-29 09:10:00 — !!! https://railexpoua.com/ !!! — 200
WARNING:root:  2019-04-29 09:10:01 — !!! https://freight-forum.com !!! — 200
WARNING:root:  2019-04-29 09:10:01 — !!! https://ukrvantage.com !!! — 200
WARNING:root:  2019-04-29 09:10:02 — !!! https://event.promgruz.com/dniproshipping !!! — 200
WARNING:root:  2019-04-29 09:10:03 — !!! https://event.promgruz.com/uarailways !!! — 200
ERROR:root:  2019-04-29 09:10:03 — !!! https://promgruz.com !!! — HTTPSConnectionPool(host='promgruz.com', port=443): Max retries exceeded with url: / (Caused by SSLError(SSLError(1, '[SSL: CERTIFICATE_VERIFY_FAILED] certificate verify failed (_ssl.c:847)'),))
ERROR:root:  2019-04-29 09:10:05 — !!! https://provagon.com !!! — HTTPSConnectionPool(host='provagon.com', port=443): Max retries exceeded with url: / (Caused by SSLError(SSLError(1, '[SSL: CERTIFICATE_VERIFY_FAILED] certificate verify failed (_ssl.c:847)'),))
WARNING:root:  2019-04-29 09:10:06 — !!! https://remontvagon.com/ !!! — 200
WARNING:root:  2019-04-29 09:10:07 — !!! https://zdperevozka.com/ !!! — 200
ERROR:root:  2019-04-29 09:10:08 — !!! http://test.mitenka.dp.ua/ !!! — 403
ERROR:root:  2019-04-29 09:10:08 — !!! http://test.mitenka.dp.ua/ !!! — 'str' object has no attribute 'drop_counter'
WARNING:root:  2019-04-29 09:11:39 — !!! https://www.google.com/ !!! — 200
WARNING:root:  2019-04-29 09:11:39 — !!! https://events.promgruz.com/ !!! — 200
WARNING:root:  2019-04-29 09:11:39 — !!! https://railexpoua.com/ !!! — 200
WARNING:root:  2019-04-29 09:11:39 — !!! https://freight-forum.com !!! — 200
WARNING:root:  2019-04-29 09:11:40 — !!! https://ukrvantage.com !!! — 200
WARNING:root:  2019-04-29 09:11:40 — !!! https://event.promgruz.com/dniproshipping !!! — 200
WARNING:root:  2019-04-29 09:11:41 — !!! https://event.promgruz.com/uarailways !!! — 200
ERROR:root:  2019-04-29 09:11:42 — !!! https://promgruz.com !!! — HTTPSConnectionPool(host='promgruz.com', port=443): Max retries exceeded with url: / (Caused by SSLError(SSLError(1, '[SSL: CERTIFICATE_VERIFY_FAILED] certificate verify failed (_ssl.c:847)'),))
WARNING:root:  2019-04-29 09:12:10 — !!! https://www.google.com/ !!! — 200
WARNING:root:  2019-04-29 09:12:10 — !!! https://events.promgruz.com/ !!! — 200
WARNING:root:  2019-04-29 09:12:11 — !!! https://railexpoua.com/ !!! — 200
WARNING:root:  2019-04-29 09:12:11 — !!! https://freight-forum.com !!! — 200
WARNING:root:  2019-04-29 09:12:11 — !!! https://ukrvantage.com !!! — 200
WARNING:root:  2019-04-29 09:12:12 — !!! https://event.promgruz.com/dniproshipping !!! — 200
WARNING:root:  2019-04-29 09:12:13 — !!! https://event.promgruz.com/uarailways !!! — 200
ERROR:root:  2019-04-29 09:12:13 — !!! https://promgruz.com !!! — HTTPSConnectionPool(host='promgruz.com', port=443): Max retries exceeded with url: / (Caused by SSLError(SSLError(1, '[SSL: CERTIFICATE_VERIFY_FAILED] certificate verify failed (_ssl.c:847)'),))
ERROR:root:  2019-04-29 09:12:15 — !!! https://provagon.com !!! — HTTPSConnectionPool(host='provagon.com', port=443): Max retries exceeded with url: / (Caused by SSLError(SSLError(1, '[SSL: CERTIFICATE_VERIFY_FAILED] certificate verify failed (_ssl.c:847)'),))
WARNING:root:  2019-04-29 09:12:16 — !!! https://remontvagon.com/ !!! — 200
WARNING:root:  2019-04-29 09:12:16 — !!! https://zdperevozka.com/ !!! — 200
ERROR:root:  2019-04-29 09:12:17 — !!! http://test.mitenka.dp.ua/ !!! — 403
ERROR:root:  2019-04-29 09:12:17 — !!! http://test.mitenka.dp.ua/ !!! — 'str' object has no attribute 'drop_counter'
WARNING:root:  2019-04-29 09:12:37 — !!! https://www.google.com/ !!! — 200
WARNING:root:  2019-04-29 09:12:37 — !!! https://events.promgruz.com/ !!! — 200
WARNING:root:  2019-04-29 09:12:37 — !!! https://railexpoua.com/ !!! — 200
WARNING:root:  2019-04-29 09:12:38 — !!! https://freight-forum.com !!! — 200
WARNING:root:  2019-04-29 09:12:38 — !!! https://ukrvantage.com !!! — 200
WARNING:root:  2019-04-29 09:12:39 — !!! https://event.promgruz.com/dniproshipping !!! — 200
WARNING:root:  2019-04-29 09:12:39 — !!! https://event.promgruz.com/uarailways !!! — 200
ERROR:root:  2019-04-29 09:12:40 — !!! https://promgruz.com !!! — HTTPSConnectionPool(host='promgruz.com', port=443): Max retries exceeded with url: / (Caused by SSLError(SSLError(1, '[SSL: CERTIFICATE_VERIFY_FAILED] certificate verify failed (_ssl.c:847)'),))
ERROR:root:  2019-04-29 09:12:41 — !!! https://provagon.com !!! — HTTPSConnectionPool(host='provagon.com', port=443): Max retries exceeded with url: / (Caused by SSLError(SSLError(1, '[SSL: CERTIFICATE_VERIFY_FAILED] certificate verify failed (_ssl.c:847)'),))
WARNING:root:  2019-04-29 09:12:43 — !!! https://remontvagon.com/ !!! — 200
WARNING:root:  2019-04-29 09:12:43 — !!! https://zdperevozka.com/ !!! — 200
ERROR:root:  2019-04-29 09:12:44 — !!! http://test.mitenka.dp.ua/ !!! — 403
ERROR:root:  2019-04-29 09:12:44 — !!! http://test.mitenka.dp.ua/ !!! — 'str' object has no attribute 'drop_counter'
WARNING:root:  2019-04-29 09:13:18 — !!! https://www.google.com/ !!! — 200
WARNING:root:  2019-04-29 09:13:19 — !!! https://events.promgruz.com/ !!! — 200
WARNING:root:  2019-04-29 09:13:19 — !!! https://railexpoua.com/ !!! — 200
WARNING:root:  2019-04-29 09:13:19 — !!! https://freight-forum.com !!! — 200
WARNING:root:  2019-04-29 09:13:20 — !!! https://ukrvantage.com !!! — 200
WARNING:root:  2019-04-29 09:13:20 — !!! https://event.promgruz.com/dniproshipping !!! — 200
WARNING:root:  2019-04-29 09:13:21 — !!! https://event.promgruz.com/uarailways !!! — 200
ERROR:root:  2019-04-29 09:13:22 — !!! https://promgruz.com !!! — HTTPSConnectionPool(host='promgruz.com', port=443): Max retries exceeded with url: / (Caused by SSLError(SSLError(1, '[SSL: CERTIFICATE_VERIFY_FAILED] certificate verify failed (_ssl.c:847)'),))
WARNING:root:  2019-04-29 09:18:35 — !!! https://www.google.com/ !!! — 200
WARNING:root:  2019-04-29 09:18:36 — !!! https://events.promgruz.com/ !!! — 200
WARNING:root:  2019-04-29 09:18:36 — !!! https://railexpoua.com/ !!! — 200
WARNING:root:  2019-04-29 09:18:36 — !!! https://freight-forum.com !!! — 200
WARNING:root:  2019-04-29 09:18:37 — !!! https://ukrvantage.com !!! — 200
WARNING:root:  2019-04-29 09:18:37 — !!! https://event.promgruz.com/dniproshipping !!! — 200
WARNING:root:  2019-04-29 09:18:38 — !!! https://event.promgruz.com/uarailways !!! — 200
ERROR:root:  2019-04-29 09:18:38 — !!! https://promgruz.com !!! — HTTPSConnectionPool(host='promgruz.com', port=443): Max retries exceeded with url: / (Caused by SSLError(SSLError(1, '[SSL: CERTIFICATE_VERIFY_FAILED] certificate verify failed (_ssl.c:847)'),))
WARNING:root:  2019-04-29 09:22:37 — !!! https://www.google.com/ !!! — 200
WARNING:root:  2019-04-29 09:22:38 — !!! https://events.promgruz.com/ !!! — 200
WARNING:root:  2019-04-29 09:22:38 — !!! https://railexpoua.com/ !!! — 200
WARNING:root:  2019-04-29 09:22:38 — !!! https://freight-forum.com !!! — 200
WARNING:root:  2019-04-29 09:22:39 — !!! https://ukrvantage.com !!! — 200
WARNING:root:  2019-04-29 09:22:39 — !!! https://event.promgruz.com/dniproshipping !!! — 200
WARNING:root:  2019-04-29 09:22:40 — !!! https://event.promgruz.com/uarailways !!! — 200
ERROR:root:  2019-04-29 09:22:40 — !!! https://promgruz.com !!! — HTTPSConnectionPool(host='promgruz.com', port=443): Max retries exceeded with url: / (Caused by SSLError(SSLError(1, '[SSL: CERTIFICATE_VERIFY_FAILED] certificate verify failed (_ssl.c:847)'),))
ERROR:root:  2019-04-29 09:22:43 — !!! https://provagon.com !!! — HTTPSConnectionPool(host='provagon.com', port=443): Max retries exceeded with url: / (Caused by SSLError(SSLError(1, '[SSL: CERTIFICATE_VERIFY_FAILED] certificate verify failed (_ssl.c:847)'),))
WARNING:root:  2019-04-29 09:22:44 — !!! https://remontvagon.com/ !!! — 200
WARNING:root:  2019-04-29 09:22:45 — !!! https://zdperevozka.com/ !!! — 200
ERROR:root:  2019-04-29 09:22:45 — !!! http://test.mitenka.dp.ua/ !!! — 403
WARNING:root:  2019-04-29 09:24:17 — !!! https://www.google.com/ !!! — 200
WARNING:root:  2019-04-29 09:24:17 — !!! https://events.promgruz.com/ !!! — 200
WARNING:root:  2019-04-29 09:24:17 — !!! https://railexpoua.com/ !!! — 200
WARNING:root:  2019-04-29 09:24:18 — !!! https://freight-forum.com !!! — 200
WARNING:root:  2019-04-29 09:24:18 — !!! https://ukrvantage.com !!! — 200
WARNING:root:  2019-04-29 09:24:19 — !!! https://event.promgruz.com/dniproshipping !!! — 200
WARNING:root:  2019-04-29 09:24:19 — !!! https://event.promgruz.com/uarailways !!! — 200
ERROR:root:  2019-04-29 09:24:20 — !!! https://promgruz.com !!! — HTTPSConnectionPool(host='promgruz.com', port=443): Max retries exceeded with url: / (Caused by SSLError(SSLError(1, '[SSL: CERTIFICATE_VERIFY_FAILED] certificate verify failed (_ssl.c:847)'),))
ERROR:root:  2019-04-29 09:24:21 — !!! https://provagon.com !!! — HTTPSConnectionPool(host='provagon.com', port=443): Max retries exceeded with url: / (Caused by SSLError(SSLError(1, '[SSL: CERTIFICATE_VERIFY_FAILED] certificate verify failed (_ssl.c:847)'),))
WARNING:root:  2019-04-29 09:24:23 — !!! https://remontvagon.com/ !!! — 200
WARNING:root:  2019-04-29 09:24:23 — !!! https://zdperevozka.com/ !!! — 200
ERROR:root:  2019-04-29 09:24:24 — !!! http://test.mitenka.dp.ua/ !!! — 403
WARNING:root:  2019-04-29 09:24:30 — !!! https://www.google.com/ !!! — 200
WARNING:root:  2019-04-29 09:24:30 — !!! https://events.promgruz.com/ !!! — 200
WARNING:root:  2019-04-29 09:24:31 — !!! https://railexpoua.com/ !!! — 200
WARNING:root:  2019-04-29 09:24:31 — !!! https://freight-forum.com !!! — 200
WARNING:root:  2019-04-29 09:24:31 — !!! https://ukrvantage.com !!! — 200
WARNING:root:  2019-04-29 09:24:32 — !!! https://event.promgruz.com/dniproshipping !!! — 200
WARNING:root:  2019-04-29 09:24:33 — !!! https://event.promgruz.com/uarailways !!! — 200
ERROR:root:  2019-04-29 09:24:33 — !!! https://promgruz.com !!! — HTTPSConnectionPool(host='promgruz.com', port=443): Max retries exceeded with url: / (Caused by SSLError(SSLError(1, '[SSL: CERTIFICATE_VERIFY_FAILED] certificate verify failed (_ssl.c:847)'),))
ERROR:root:  2019-04-29 09:24:35 — !!! https://provagon.com !!! — HTTPSConnectionPool(host='provagon.com', port=443): Max retries exceeded with url: / (Caused by SSLError(SSLError(1, '[SSL: CERTIFICATE_VERIFY_FAILED] certificate verify failed (_ssl.c:847)'),))
WARNING:root:  2019-04-29 09:24:36 — !!! https://remontvagon.com/ !!! — 200
WARNING:root:  2019-04-29 09:24:36 — !!! https://zdperevozka.com/ !!! — 200
ERROR:root:  2019-04-29 09:24:37 — !!! http://test.mitenka.dp.ua/ !!! — 403
WARNING:root:  2019-04-29 09:24:58 — !!! https://www.google.com/ !!! — 200
WARNING:root:  2019-04-29 09:24:59 — !!! https://events.promgruz.com/ !!! — 200
WARNING:root:  2019-04-29 09:24:59 — !!! https://railexpoua.com/ !!! — 200
WARNING:root:  2019-04-29 09:24:59 — !!! https://freight-forum.com !!! — 200
WARNING:root:  2019-04-29 09:25:00 — !!! https://ukrvantage.com !!! — 200
WARNING:root:  2019-04-29 09:25:00 — !!! https://event.promgruz.com/dniproshipping !!! — 200
WARNING:root:  2019-04-29 09:25:01 — !!! https://event.promgruz.com/uarailways !!! — 200
ERROR:root:  2019-04-29 09:25:01 — !!! https://promgruz.com !!! — HTTPSConnectionPool(host='promgruz.com', port=443): Max retries exceeded with url: / (Caused by SSLError(SSLError(1, '[SSL: CERTIFICATE_VERIFY_FAILED] certificate verify failed (_ssl.c:847)'),))
ERROR:root:  2019-04-29 09:25:03 — !!! https://provagon.com !!! — HTTPSConnectionPool(host='provagon.com', port=443): Max retries exceeded with url: / (Caused by SSLError(SSLError(1, '[SSL: CERTIFICATE_VERIFY_FAILED] certificate verify failed (_ssl.c:847)'),))
WARNING:root:  2019-04-29 09:25:05 — !!! https://remontvagon.com/ !!! — 200
WARNING:root:  2019-04-29 09:25:05 — !!! https://zdperevozka.com/ !!! — 200
ERROR:root:  2019-04-29 09:25:06 — !!! http://test.mitenka.dp.ua/ !!! — 403
WARNING:root:  2019-04-29 09:29:00 — !!! https://www.google.com/ !!! — 200
WARNING:root:  2019-04-29 09:29:00 — !!! https://events.promgruz.com/ !!! — 200
WARNING:root:  2019-04-29 09:29:00 — !!! https://railexpoua.com/ !!! — 200
WARNING:root:  2019-04-29 09:29:01 — !!! https://freight-forum.com !!! — 200
WARNING:root:  2019-04-29 09:29:01 — !!! https://ukrvantage.com !!! — 200
WARNING:root:  2019-04-29 09:29:02 — !!! https://event.promgruz.com/dniproshipping !!! — 200
WARNING:root:  2019-04-29 09:29:02 — !!! https://event.promgruz.com/uarailways !!! — 200
ERROR:root:  2019-04-29 09:29:03 — !!! https://promgruz.com !!! — HTTPSConnectionPool(host='promgruz.com', port=443): Max retries exceeded with url: / (Caused by SSLError(SSLError(1, '[SSL: CERTIFICATE_VERIFY_FAILED] certificate verify failed (_ssl.c:847)'),))
ERROR:root:  2019-04-29 09:29:04 — !!! https://provagon.com !!! — HTTPSConnectionPool(host='provagon.com', port=443): Max retries exceeded with url: / (Caused by SSLError(SSLError(1, '[SSL: CERTIFICATE_VERIFY_FAILED] certificate verify failed (_ssl.c:847)'),))
WARNING:root:  2019-04-29 09:29:06 — !!! https://remontvagon.com/ !!! — 200
WARNING:root:  2019-04-29 09:29:06 — !!! https://zdperevozka.com/ !!! — 200
ERROR:root:  2019-04-29 09:29:07 — !!! http://test.mitenka.dp.ua/ !!! — 403
WARNING:root:  2019-04-29 09:29:16 — !!! https://www.google.com/ !!! — 200
WARNING:root:  2019-04-29 09:29:16 — !!! https://events.promgruz.com/ !!! — 200
WARNING:root:  2019-04-29 09:29:17 — !!! https://railexpoua.com/ !!! — 200
WARNING:root:  2019-04-29 09:29:17 — !!! https://freight-forum.com !!! — 200
WARNING:root:  2019-04-29 09:29:17 — !!! https://ukrvantage.com !!! — 200
WARNING:root:  2019-04-29 09:29:18 — !!! https://event.promgruz.com/dniproshipping !!! — 200
WARNING:root:  2019-04-29 09:29:19 — !!! https://event.promgruz.com/uarailways !!! — 200
ERROR:root:  2019-04-29 09:29:19 — !!! https://promgruz.com !!! — HTTPSConnectionPool(host='promgruz.com', port=443): Max retries exceeded with url: / (Caused by SSLError(SSLError(1, '[SSL: CERTIFICATE_VERIFY_FAILED] certificate verify failed (_ssl.c:847)'),))
ERROR:root:  2019-04-29 09:29:19 — !!! https://provagon.com !!! — HTTPSConnectionPool(host='provagon.com', port=443): Max retries exceeded with url: / (Caused by SSLError(SSLError(1, '[SSL: CERTIFICATE_VERIFY_FAILED] certificate verify failed (_ssl.c:847)'),))
WARNING:root:  2019-04-29 09:29:19 — !!! https://remontvagon.com/ !!! — 200
WARNING:root:  2019-04-29 09:29:20 — !!! https://zdperevozka.com/ !!! — 200
ERROR:root:  2019-04-29 09:29:20 — !!! http://test.mitenka.dp.ua/ !!! — 403
WARNING:root:  2019-04-29 09:29:28 — !!! https://www.google.com/ !!! — 200
WARNING:root:  2019-04-29 09:29:28 — !!! https://events.promgruz.com/ !!! — 200
WARNING:root:  2019-04-29 09:29:28 — !!! https://railexpoua.com/ !!! — 200
WARNING:root:  2019-04-29 09:29:28 — !!! https://freight-forum.com !!! — 200
WARNING:root:  2019-04-29 09:29:29 — !!! https://ukrvantage.com !!! — 200
WARNING:root:  2019-04-29 09:29:29 — !!! https://event.promgruz.com/dniproshipping !!! — 200
WARNING:root:  2019-04-29 09:29:30 — !!! https://event.promgruz.com/uarailways !!! — 200
ERROR:root:  2019-04-29 09:29:31 — !!! https://promgruz.com !!! — HTTPSConnectionPool(host='promgruz.com', port=443): Max retries exceeded with url: / (Caused by SSLError(SSLError(1, '[SSL: CERTIFICATE_VERIFY_FAILED] certificate verify failed (_ssl.c:847)'),))
ERROR:root:  2019-04-29 09:29:31 — !!! https://provagon.com !!! — HTTPSConnectionPool(host='provagon.com', port=443): Max retries exceeded with url: / (Caused by SSLError(SSLError(1, '[SSL: CERTIFICATE_VERIFY_FAILED] certificate verify failed (_ssl.c:847)'),))
WARNING:root:  2019-04-29 09:29:31 — !!! https://remontvagon.com/ !!! — 200
WARNING:root:  2019-04-29 09:29:31 — !!! https://zdperevozka.com/ !!! — 200
ERROR:root:  2019-04-29 09:29:32 — !!! http://test.mitenka.dp.ua/ !!! — 403
ERROR:root:  2019-04-29 09:32:13 — !!! https://events.promgruz.com/event/fwfwfef/ !!! BACK ONLINE — 200
WARNING:root:  2019-04-29 09:32:13 — !!! https://events.promgruz.com/event/fwfwfef/ !!! — 200
WARNING:root:  2019-04-29 09:32:15 — !!! https://www.google.com/ !!! — 200
WARNING:root:  2019-04-29 09:32:15 — !!! https://events.promgruz.com/ !!! — 200
WARNING:root:  2019-04-29 09:32:16 — !!! https://railexpoua.com/ !!! — 200
WARNING:root:  2019-04-29 09:32:16 — !!! https://freight-forum.com !!! — 200
WARNING:root:  2019-04-29 09:32:16 — !!! https://ukrvantage.com !!! — 200
WARNING:root:  2019-04-29 09:32:17 — !!! https://event.promgruz.com/dniproshipping !!! — 200
WARNING:root:  2019-04-29 09:32:18 — !!! https://event.promgruz.com/uarailways !!! — 200
ERROR:root:  2019-04-29 09:32:18 — !!! https://promgruz.com !!! — HTTPSConnectionPool(host='promgruz.com', port=443): Max retries exceeded with url: / (Caused by SSLError(SSLError(1, '[SSL: CERTIFICATE_VERIFY_FAILED] certificate verify failed (_ssl.c:847)'),))
ERROR:root:  2019-04-29 09:32:18 — !!! https://provagon.com !!! — HTTPSConnectionPool(host='provagon.com', port=443): Max retries exceeded with url: / (Caused by SSLError(SSLError(1, '[SSL: CERTIFICATE_VERIFY_FAILED] certificate verify failed (_ssl.c:847)'),))
WARNING:root:  2019-04-29 09:32:18 — !!! https://remontvagon.com/ !!! — 200
WARNING:root:  2019-04-29 09:32:19 — !!! https://zdperevozka.com/ !!! — 200
ERROR:root:  2019-04-29 09:32:19 — !!! http://test.mitenka.dp.ua/ !!! — 403
WARNING:root:  2019-04-29 09:32:37 — !!! https://events.promgruz.com/event/fwfwfef/ !!! — 200
WARNING:root:  2019-04-29 09:32:37 — !!! https://www.google.com/ !!! — 200
WARNING:root:  2019-04-29 09:32:37 — !!! https://events.promgruz.com/ !!! — 200
WARNING:root:  2019-04-29 09:32:38 — !!! https://railexpoua.com/ !!! — 200
WARNING:root:  2019-04-29 09:32:38 — !!! https://freight-forum.com !!! — 200
WARNING:root:  2019-04-29 09:32:38 — !!! https://ukrvantage.com !!! — 200
WARNING:root:  2019-04-29 09:32:39 — !!! https://event.promgruz.com/dniproshipping !!! — 200
WARNING:root:  2019-04-29 09:32:40 — !!! https://event.promgruz.com/uarailways !!! — 200
ERROR:root:  2019-04-29 09:32:40 — !!! https://promgruz.com !!! — HTTPSConnectionPool(host='promgruz.com', port=443): Max retries exceeded with url: / (Caused by SSLError(SSLError(1, '[SSL: CERTIFICATE_VERIFY_FAILED] certificate verify failed (_ssl.c:847)'),))
ERROR:root:  2019-04-29 09:32:40 — !!! https://provagon.com !!! — HTTPSConnectionPool(host='provagon.com', port=443): Max retries exceeded with url: / (Caused by SSLError(SSLError(1, '[SSL: CERTIFICATE_VERIFY_FAILED] certificate verify failed (_ssl.c:847)'),))
WARNING:root:  2019-04-29 09:32:40 — !!! https://remontvagon.com/ !!! — 200
WARNING:root:  2019-04-29 09:32:41 — !!! https://zdperevozka.com/ !!! — 200
ERROR:root:  2019-04-29 09:32:41 — !!! http://test.mitenka.dp.ua/ !!! — 403
WARNING:root:  2019-04-29 09:32:47 — !!! https://events.promgruz.com/event/fwfwfef/ !!! — 200
WARNING:root:  2019-04-29 09:32:47 — !!! https://www.google.com/ !!! — 200
WARNING:root:  2019-04-29 09:32:47 — !!! https://events.promgruz.com/ !!! — 200
WARNING:root:  2019-04-29 09:32:48 — !!! https://railexpoua.com/ !!! — 200
WARNING:root:  2019-04-29 09:32:48 — !!! https://freight-forum.com !!! — 200
WARNING:root:  2019-04-29 09:32:48 — !!! https://ukrvantage.com !!! — 200
WARNING:root:  2019-04-29 09:32:49 — !!! https://event.promgruz.com/dniproshipping !!! — 200
WARNING:root:  2019-04-29 09:32:50 — !!! https://event.promgruz.com/uarailways !!! — 200
ERROR:root:  2019-04-29 09:32:50 — !!! https://promgruz.com !!! — HTTPSConnectionPool(host='promgruz.com', port=443): Max retries exceeded with url: / (Caused by SSLError(SSLError(1, '[SSL: CERTIFICATE_VERIFY_FAILED] certificate verify failed (_ssl.c:847)'),))
ERROR:root:  2019-04-29 09:32:50 — !!! https://provagon.com !!! — HTTPSConnectionPool(host='provagon.com', port=443): Max retries exceeded with url: / (Caused by SSLError(SSLError(1, '[SSL: CERTIFICATE_VERIFY_FAILED] certificate verify failed (_ssl.c:847)'),))
WARNING:root:  2019-04-29 09:32:50 — !!! https://remontvagon.com/ !!! — 200
WARNING:root:  2019-04-29 09:32:51 — !!! https://zdperevozka.com/ !!! — 200
ERROR:root:  2019-04-29 09:32:51 — !!! http://test.mitenka.dp.ua/ !!! — 403
ERROR:root:  2019-04-29 09:33:05 — !!! https://events.promgruz.com/event/fwfwfef/ !!! — 404
WARNING:root:  2019-04-29 09:33:07 — !!! https://www.google.com/ !!! — 200
WARNING:root:  2019-04-29 09:33:07 — !!! https://events.promgruz.com/ !!! — 200
WARNING:root:  2019-04-29 09:33:08 — !!! https://railexpoua.com/ !!! — 200
WARNING:root:  2019-04-29 09:33:08 — !!! https://freight-forum.com !!! — 200
WARNING:root:  2019-04-29 09:33:08 — !!! https://ukrvantage.com !!! — 200
WARNING:root:  2019-04-29 09:33:09 — !!! https://event.promgruz.com/dniproshipping !!! — 200
WARNING:root:  2019-04-29 09:33:10 — !!! https://event.promgruz.com/uarailways !!! — 200
ERROR:root:  2019-04-29 09:33:10 — !!! https://promgruz.com !!! — HTTPSConnectionPool(host='promgruz.com', port=443): Max retries exceeded with url: / (Caused by SSLError(SSLError(1, '[SSL: CERTIFICATE_VERIFY_FAILED] certificate verify failed (_ssl.c:847)'),))
ERROR:root:  2019-04-29 09:33:10 — !!! https://provagon.com !!! — HTTPSConnectionPool(host='provagon.com', port=443): Max retries exceeded with url: / (Caused by SSLError(SSLError(1, '[SSL: CERTIFICATE_VERIFY_FAILED] certificate verify failed (_ssl.c:847)'),))
WARNING:root:  2019-04-29 09:33:10 — !!! https://remontvagon.com/ !!! — 200
WARNING:root:  2019-04-29 09:33:11 — !!! https://zdperevozka.com/ !!! — 200
ERROR:root:  2019-04-29 09:33:11 — !!! http://test.mitenka.dp.ua/ !!! — 403
ERROR:root:  2019-04-29 09:33:15 — !!! https://events.promgruz.com/event/fwfwfef/ !!! — 404
WARNING:root:  2019-04-29 09:33:17 — !!! https://www.google.com/ !!! — 200
WARNING:root:  2019-04-29 09:33:17 — !!! https://events.promgruz.com/ !!! — 200
WARNING:root:  2019-04-29 09:33:18 — !!! https://railexpoua.com/ !!! — 200
WARNING:root:  2019-04-29 09:33:18 — !!! https://freight-forum.com !!! — 200
WARNING:root:  2019-04-29 09:33:18 — !!! https://ukrvantage.com !!! — 200
WARNING:root:  2019-04-29 09:33:19 — !!! https://event.promgruz.com/dniproshipping !!! — 200
WARNING:root:  2019-04-29 09:33:20 — !!! https://event.promgruz.com/uarailways !!! — 200
ERROR:root:  2019-04-29 09:33:20 — !!! https://promgruz.com !!! — HTTPSConnectionPool(host='promgruz.com', port=443): Max retries exceeded with url: / (Caused by SSLError(SSLError(1, '[SSL: CERTIFICATE_VERIFY_FAILED] certificate verify failed (_ssl.c:847)'),))
ERROR:root:  2019-04-29 09:33:20 — !!! https://provagon.com !!! — HTTPSConnectionPool(host='provagon.com', port=443): Max retries exceeded with url: / (Caused by SSLError(SSLError(1, '[SSL: CERTIFICATE_VERIFY_FAILED] certificate verify failed (_ssl.c:847)'),))
WARNING:root:  2019-04-29 09:33:20 — !!! https://remontvagon.com/ !!! — 200
WARNING:root:  2019-04-29 09:33:21 — !!! https://zdperevozka.com/ !!! — 200
ERROR:root:  2019-04-29 09:33:21 — !!! http://test.mitenka.dp.ua/ !!! — 403
ERROR:root:  2019-04-29 09:33:23 — !!! https://events.promgruz.com/event/fwfwfef/ !!! — 404
WARNING:root:  2019-04-29 09:33:24 — !!! https://www.google.com/ !!! — 200
WARNING:root:  2019-04-29 09:33:25 — !!! https://events.promgruz.com/ !!! — 200
WARNING:root:  2019-04-29 09:33:25 — !!! https://railexpoua.com/ !!! — 200
WARNING:root:  2019-04-29 09:33:25 — !!! https://freight-forum.com !!! — 200
WARNING:root:  2019-04-29 09:33:25 — !!! https://ukrvantage.com !!! — 200
WARNING:root:  2019-04-29 09:33:26 — !!! https://event.promgruz.com/dniproshipping !!! — 200
WARNING:root:  2019-04-29 09:33:27 — !!! https://event.promgruz.com/uarailways !!! — 200
ERROR:root:  2019-04-29 09:33:27 — !!! https://promgruz.com !!! — HTTPSConnectionPool(host='promgruz.com', port=443): Max retries exceeded with url: / (Caused by SSLError(SSLError(1, '[SSL: CERTIFICATE_VERIFY_FAILED] certificate verify failed (_ssl.c:847)'),))
ERROR:root:  2019-04-29 09:33:27 — !!! https://provagon.com !!! — HTTPSConnectionPool(host='provagon.com', port=443): Max retries exceeded with url: / (Caused by SSLError(SSLError(1, '[SSL: CERTIFICATE_VERIFY_FAILED] certificate verify failed (_ssl.c:847)'),))
WARNING:root:  2019-04-29 09:33:27 — !!! https://remontvagon.com/ !!! — 200
WARNING:root:  2019-04-29 09:33:28 — !!! https://zdperevozka.com/ !!! — 200
ERROR:root:  2019-04-29 09:33:28 — !!! http://test.mitenka.dp.ua/ !!! — 403
ERROR:root:  2019-04-29 09:34:03 — !!! https://events.promgruz.com/event/fwfwfef/ !!! — 404
WARNING:root:  2019-04-29 09:34:03 — !!! https://www.google.com/ !!! — 200
WARNING:root:  2019-04-29 09:34:03 — !!! https://events.promgruz.com/ !!! — 200
WARNING:root:  2019-04-29 09:34:03 — !!! https://railexpoua.com/ !!! — 200
WARNING:root:  2019-04-29 09:34:04 — !!! https://freight-forum.com !!! — 200
WARNING:root:  2019-04-29 09:34:04 — !!! https://ukrvantage.com !!! — 200
WARNING:root:  2019-04-29 09:34:05 — !!! https://event.promgruz.com/dniproshipping !!! — 200
WARNING:root:  2019-04-29 09:34:05 — !!! https://event.promgruz.com/uarailways !!! — 200
ERROR:root:  2019-04-29 09:34:06 — !!! https://promgruz.com !!! — HTTPSConnectionPool(host='promgruz.com', port=443): Max retries exceeded with url: / (Caused by SSLError(SSLError(1, '[SSL: CERTIFICATE_VERIFY_FAILED] certificate verify failed (_ssl.c:847)'),))
ERROR:root:  2019-04-29 09:34:06 — !!! https://provagon.com !!! — HTTPSConnectionPool(host='provagon.com', port=443): Max retries exceeded with url: / (Caused by SSLError(SSLError(1, '[SSL: CERTIFICATE_VERIFY_FAILED] certificate verify failed (_ssl.c:847)'),))
WARNING:root:  2019-04-29 09:34:06 — !!! https://remontvagon.com/ !!! — 200
WARNING:root:  2019-04-29 09:34:06 — !!! https://zdperevozka.com/ !!! — 200
ERROR:root:  2019-04-29 09:34:07 — !!! http://test.mitenka.dp.ua/ !!! — 403
ERROR:root:  2019-04-29 09:34:28 — !!! https://events.promgruz.com/event/fwfwfef/ !!! BACK ONLINE — 200
WARNING:root:  2019-04-29 09:34:28 — !!! https://events.promgruz.com/event/fwfwfef/ !!! — 200
WARNING:root:  2019-04-29 09:34:29 — !!! https://www.google.com/ !!! — 200
WARNING:root:  2019-04-29 09:34:29 — !!! https://events.promgruz.com/ !!! — 200
WARNING:root:  2019-04-29 09:34:30 — !!! https://railexpoua.com/ !!! — 200
WARNING:root:  2019-04-29 09:34:30 — !!! https://freight-forum.com !!! — 200
WARNING:root:  2019-04-29 09:34:30 — !!! https://ukrvantage.com !!! — 200
WARNING:root:  2019-04-29 09:34:31 — !!! https://event.promgruz.com/dniproshipping !!! — 200
WARNING:root:  2019-04-29 09:34:32 — !!! https://event.promgruz.com/uarailways !!! — 200
ERROR:root:  2019-04-29 09:34:32 — !!! https://promgruz.com !!! — HTTPSConnectionPool(host='promgruz.com', port=443): Max retries exceeded with url: / (Caused by SSLError(SSLError(1, '[SSL: CERTIFICATE_VERIFY_FAILED] certificate verify failed (_ssl.c:847)'),))
ERROR:root:  2019-04-29 09:34:32 — !!! https://provagon.com !!! — HTTPSConnectionPool(host='provagon.com', port=443): Max retries exceeded with url: / (Caused by SSLError(SSLError(1, '[SSL: CERTIFICATE_VERIFY_FAILED] certificate verify failed (_ssl.c:847)'),))
WARNING:root:  2019-04-29 09:34:32 — !!! https://remontvagon.com/ !!! — 200
WARNING:root:  2019-04-29 09:34:33 — !!! https://zdperevozka.com/ !!! — 200
ERROR:root:  2019-04-29 09:34:33 — !!! http://test.mitenka.dp.ua/ !!! — 403
WARNING:root:  2019-04-29 09:34:46 — !!! https://events.promgruz.com/event/fwfwfef/ !!! — 200
WARNING:root:  2019-04-29 09:34:46 — !!! https://www.google.com/ !!! — 200
WARNING:root:  2019-04-29 09:34:47 — !!! https://events.promgruz.com/ !!! — 200
WARNING:root:  2019-04-29 09:34:47 — !!! https://railexpoua.com/ !!! — 200
WARNING:root:  2019-04-29 09:34:48 — !!! https://freight-forum.com !!! — 200
WARNING:root:  2019-04-29 09:34:49 — !!! https://ukrvantage.com !!! — 200
WARNING:root:  2019-04-29 09:34:50 — !!! https://event.promgruz.com/dniproshipping !!! — 200
WARNING:root:  2019-04-29 09:34:50 — !!! https://event.promgruz.com/uarailways !!! — 200
ERROR:root:  2019-04-29 09:34:51 — !!! https://promgruz.com !!! — HTTPSConnectionPool(host='promgruz.com', port=443): Max retries exceeded with url: / (Caused by SSLError(SSLError(1, '[SSL: CERTIFICATE_VERIFY_FAILED] certificate verify failed (_ssl.c:847)'),))
ERROR:root:  2019-04-29 09:34:51 — !!! https://provagon.com !!! — HTTPSConnectionPool(host='provagon.com', port=443): Max retries exceeded with url: / (Caused by SSLError(SSLError(1, '[SSL: CERTIFICATE_VERIFY_FAILED] certificate verify failed (_ssl.c:847)'),))
WARNING:root:  2019-04-29 09:34:51 — !!! https://remontvagon.com/ !!! — 200
WARNING:root:  2019-04-29 09:34:51 — !!! https://zdperevozka.com/ !!! — 200
ERROR:root:  2019-04-29 09:34:52 — !!! http://test.mitenka.dp.ua/ !!! — 403
ERROR:root:  2019-04-29 09:35:20 — !!! https://events.promgruz.com/event/fwfwfef/ !!! — 404
WARNING:root:  2019-04-29 09:35:22 — !!! https://www.google.com/ !!! — 200
WARNING:root:  2019-04-29 09:35:22 — !!! https://events.promgruz.com/ !!! — 200
WARNING:root:  2019-04-29 09:35:23 — !!! https://railexpoua.com/ !!! — 200
WARNING:root:  2019-04-29 09:35:23 — !!! https://freight-forum.com !!! — 200
WARNING:root:  2019-04-29 09:35:23 — !!! https://ukrvantage.com !!! — 200
WARNING:root:  2019-04-29 09:35:24 — !!! https://event.promgruz.com/dniproshipping !!! — 200
WARNING:root:  2019-04-29 09:35:25 — !!! https://event.promgruz.com/uarailways !!! — 200
ERROR:root:  2019-04-29 09:35:25 — !!! https://promgruz.com !!! — HTTPSConnectionPool(host='promgruz.com', port=443): Max retries exceeded with url: / (Caused by SSLError(SSLError(1, '[SSL: CERTIFICATE_VERIFY_FAILED] certificate verify failed (_ssl.c:847)'),))
ERROR:root:  2019-04-29 09:35:27 — !!! https://provagon.com !!! — HTTPSConnectionPool(host='provagon.com', port=443): Max retries exceeded with url: / (Caused by SSLError(SSLError(1, '[SSL: CERTIFICATE_VERIFY_FAILED] certificate verify failed (_ssl.c:847)'),))
WARNING:root:  2019-04-29 09:35:29 — !!! https://remontvagon.com/ !!! — 200
WARNING:root:  2019-04-29 09:35:29 — !!! https://zdperevozka.com/ !!! — 200
ERROR:root:  2019-04-29 09:35:30 — !!! http://test.mitenka.dp.ua/ !!! — 403
ERROR:root:  2019-04-29 09:42:21 — !!! https://events.promgruz.com/event/fwfwfef/ !!! — 404
WARNING:root:  2019-04-29 09:42:23 — !!! https://www.google.com/ !!! — 200
WARNING:root:  2019-04-29 09:42:23 — !!! https://events.promgruz.com/ !!! — 200
WARNING:root:  2019-04-29 09:42:23 — !!! https://railexpoua.com/ !!! — 200
WARNING:root:  2019-04-29 09:42:24 — !!! https://freight-forum.com !!! — 200
WARNING:root:  2019-04-29 09:42:24 — !!! https://ukrvantage.com !!! — 200
WARNING:root:  2019-04-29 09:42:25 — !!! https://event.promgruz.com/dniproshipping !!! — 200
WARNING:root:  2019-04-29 09:42:25 — !!! https://event.promgruz.com/uarailways !!! — 200
ERROR:root:  2019-04-29 09:42:26 — !!! https://promgruz.com !!! — HTTPSConnectionPool(host='promgruz.com', port=443): Max retries exceeded with url: / (Caused by SSLError(SSLError(1, '[SSL: CERTIFICATE_VERIFY_FAILED] certificate verify failed (_ssl.c:847)'),))
ERROR:root:  2019-04-29 09:42:27 — !!! https://provagon.com !!! — HTTPSConnectionPool(host='provagon.com', port=443): Max retries exceeded with url: / (Caused by SSLError(SSLError(1, '[SSL: CERTIFICATE_VERIFY_FAILED] certificate verify failed (_ssl.c:847)'),))
WARNING:root:  2019-04-29 09:42:30 — !!! https://remontvagon.com/ !!! — 200
WARNING:root:  2019-04-29 09:42:30 — !!! https://zdperevozka.com/ !!! — 200
ERROR:root:  2019-04-29 09:42:31 — !!! http://test.mitenka.dp.ua/ !!! — 403
ERROR:root:  2019-04-29 09:42:35 — !!! https://events.promgruz.com/event/fwfwfef/ !!! — 404
WARNING:root:  2019-04-29 09:42:37 — !!! https://www.google.com/ !!! — 200
WARNING:root:  2019-04-29 09:42:37 — !!! https://events.promgruz.com/ !!! — 200
WARNING:root:  2019-04-29 09:42:37 — !!! https://railexpoua.com/ !!! — 200
WARNING:root:  2019-04-29 09:42:38 — !!! https://freight-forum.com !!! — 200
WARNING:root:  2019-04-29 09:42:38 — !!! https://ukrvantage.com !!! — 200
WARNING:root:  2019-04-29 09:42:39 — !!! https://event.promgruz.com/dniproshipping !!! — 200
WARNING:root:  2019-04-29 09:42:39 — !!! https://event.promgruz.com/uarailways !!! — 200
ERROR:root:  2019-04-29 09:42:40 — !!! https://promgruz.com !!! — HTTPSConnectionPool(host='promgruz.com', port=443): Max retries exceeded with url: / (Caused by SSLError(SSLError(1, '[SSL: CERTIFICATE_VERIFY_FAILED] certificate verify failed (_ssl.c:847)'),))
ERROR:root:  2019-04-29 09:42:41 — !!! https://provagon.com !!! — HTTPSConnectionPool(host='provagon.com', port=443): Max retries exceeded with url: / (Caused by SSLError(SSLError(1, '[SSL: CERTIFICATE_VERIFY_FAILED] certificate verify failed (_ssl.c:847)'),))
WARNING:root:  2019-04-29 09:42:43 — !!! https://remontvagon.com/ !!! — 200
WARNING:root:  2019-04-29 09:42:44 — !!! https://zdperevozka.com/ !!! — 200
ERROR:root:  2019-04-29 09:42:44 — !!! http://test.mitenka.dp.ua/ !!! — 403
ERROR:root:  2019-04-29 09:43:03 — !!! https://events.promgruz.com/event/fwfwfef/ !!! — 404
WARNING:root:  2019-04-29 09:43:03 — !!! https://www.google.com/ !!! — 200
WARNING:root:  2019-04-29 09:43:04 — !!! https://events.promgruz.com/ !!! — 200
WARNING:root:  2019-04-29 09:43:04 — !!! https://railexpoua.com/ !!! — 200
WARNING:root:  2019-04-29 09:43:04 — !!! https://freight-forum.com !!! — 200
WARNING:root:  2019-04-29 09:43:05 — !!! https://ukrvantage.com !!! — 200
WARNING:root:  2019-04-29 09:43:05 — !!! https://event.promgruz.com/dniproshipping !!! — 200
WARNING:root:  2019-04-29 09:43:06 — !!! https://event.promgruz.com/uarailways !!! — 200
ERROR:root:  2019-04-29 09:43:06 — !!! https://promgruz.com !!! — HTTPSConnectionPool(host='promgruz.com', port=443): Max retries exceeded with url: / (Caused by SSLError(SSLError(1, '[SSL: CERTIFICATE_VERIFY_FAILED] certificate verify failed (_ssl.c:847)'),))
ERROR:root:  2019-04-29 09:43:07 — !!! https://provagon.com !!! — HTTPSConnectionPool(host='provagon.com', port=443): Max retries exceeded with url: / (Caused by SSLError(SSLError(1, '[SSL: CERTIFICATE_VERIFY_FAILED] certificate verify failed (_ssl.c:847)'),))
WARNING:root:  2019-04-29 09:43:07 — !!! https://remontvagon.com/ !!! — 200
WARNING:root:  2019-04-29 09:43:07 — !!! https://zdperevozka.com/ !!! — 200
ERROR:root:  2019-04-29 09:43:07 — !!! http://test.mitenka.dp.ua/ !!! — 403
ERROR:root:  2019-04-29 09:43:35 — !!! https://events.promgruz.com/event/fwfwfef/ !!! BACK ONLINE — 200
WARNING:root:  2019-04-29 09:43:35 — !!! https://events.promgruz.com/event/fwfwfef/ !!! — 200
WARNING:root:  2019-04-29 09:43:37 — !!! https://www.google.com/ !!! — 200
WARNING:root:  2019-04-29 09:43:37 — !!! https://events.promgruz.com/ !!! — 200
WARNING:root:  2019-04-29 09:43:37 — !!! https://railexpoua.com/ !!! — 200
WARNING:root:  2019-04-29 09:43:38 — !!! https://freight-forum.com !!! — 200
WARNING:root:  2019-04-29 09:43:38 — !!! https://ukrvantage.com !!! — 200
WARNING:root:  2019-04-29 09:43:39 — !!! https://event.promgruz.com/dniproshipping !!! — 200
WARNING:root:  2019-04-29 09:43:39 — !!! https://event.promgruz.com/uarailways !!! — 200
ERROR:root:  2019-04-29 09:43:40 — !!! https://promgruz.com !!! — HTTPSConnectionPool(host='promgruz.com', port=443): Max retries exceeded with url: / (Caused by SSLError(SSLError(1, '[SSL: CERTIFICATE_VERIFY_FAILED] certificate verify failed (_ssl.c:847)'),))
ERROR:root:  2019-04-29 09:43:40 — !!! https://provagon.com !!! — HTTPSConnectionPool(host='provagon.com', port=443): Max retries exceeded with url: / (Caused by SSLError(SSLError(1, '[SSL: CERTIFICATE_VERIFY_FAILED] certificate verify failed (_ssl.c:847)'),))
WARNING:root:  2019-04-29 09:43:40 — !!! https://remontvagon.com/ !!! — 200
WARNING:root:  2019-04-29 09:43:40 — !!! https://zdperevozka.com/ !!! — 200
ERROR:root:  2019-04-29 09:43:41 — !!! http://test.mitenka.dp.ua/ !!! — 403
ERROR:root:  2019-04-29 09:46:06 — !!! https://events.promgruz.com/event/fwfwfef/ !!! — 404
WARNING:root:  2019-04-29 09:46:07 — !!! https://www.google.com/ !!! — 200
WARNING:root:  2019-04-29 09:46:08 — !!! https://events.promgruz.com/ !!! — 200
WARNING:root:  2019-04-29 09:46:08 — !!! https://railexpoua.com/ !!! — 200
WARNING:root:  2019-04-29 09:46:08 — !!! https://freight-forum.com !!! — 200
WARNING:root:  2019-04-29 09:46:09 — !!! https://ukrvantage.com !!! — 200
WARNING:root:  2019-04-29 09:46:09 — !!! https://event.promgruz.com/dniproshipping !!! — 200
WARNING:root:  2019-04-29 09:46:10 — !!! https://event.promgruz.com/uarailways !!! — 200
ERROR:root:  2019-04-29 09:46:11 — !!! https://promgruz.com !!! — HTTPSConnectionPool(host='promgruz.com', port=443): Max retries exceeded with url: / (Caused by SSLError(SSLError(1, '[SSL: CERTIFICATE_VERIFY_FAILED] certificate verify failed (_ssl.c:847)'),))
ERROR:root:  2019-04-29 09:46:11 — !!! https://provagon.com !!! — HTTPSConnectionPool(host='provagon.com', port=443): Max retries exceeded with url: / (Caused by SSLError(SSLError(1, '[SSL: CERTIFICATE_VERIFY_FAILED] certificate verify failed (_ssl.c:847)'),))
WARNING:root:  2019-04-29 09:46:11 — !!! https://remontvagon.com/ !!! — 200
WARNING:root:  2019-04-29 09:46:11 — !!! https://zdperevozka.com/ !!! — 200
ERROR:root:  2019-04-29 09:46:12 — !!! http://test.mitenka.dp.ua/ !!! — 403
ERROR:root:  2019-04-29 09:46:26 — !!! https://events.promgruz.com/event/fwfwfef/ !!! — 404
WARNING:root:  2019-04-29 09:46:26 — !!! https://www.google.com/ !!! — 200
WARNING:root:  2019-04-29 09:46:27 — !!! https://events.promgruz.com/ !!! — 200
WARNING:root:  2019-04-29 09:46:27 — !!! https://railexpoua.com/ !!! — 200
WARNING:root:  2019-04-29 09:46:27 — !!! https://freight-forum.com !!! — 200
WARNING:root:  2019-04-29 09:46:28 — !!! https://ukrvantage.com !!! — 200
WARNING:root:  2019-04-29 09:46:28 — !!! https://event.promgruz.com/dniproshipping !!! — 200
WARNING:root:  2019-04-29 09:46:29 — !!! https://event.promgruz.com/uarailways !!! — 200
ERROR:root:  2019-04-29 09:46:29 — !!! https://promgruz.com !!! — HTTPSConnectionPool(host='promgruz.com', port=443): Max retries exceeded with url: / (Caused by SSLError(SSLError(1, '[SSL: CERTIFICATE_VERIFY_FAILED] certificate verify failed (_ssl.c:847)'),))
ERROR:root:  2019-04-29 09:46:29 — !!! https://provagon.com !!! — HTTPSConnectionPool(host='provagon.com', port=443): Max retries exceeded with url: / (Caused by SSLError(SSLError(1, '[SSL: CERTIFICATE_VERIFY_FAILED] certificate verify failed (_ssl.c:847)'),))
WARNING:root:  2019-04-29 09:46:29 — !!! https://remontvagon.com/ !!! — 200
WARNING:root:  2019-04-29 09:46:30 — !!! https://zdperevozka.com/ !!! — 200
ERROR:root:  2019-04-29 09:46:30 — !!! http://test.mitenka.dp.ua/ !!! — 403
ERROR:root:  2019-04-29 14:01:44 — !!! http://127.0.0.1:8000/api/auth/login/ !!! — 405
WARNING:root:  2019-04-29 14:01:48 — !!! https://www.google.com/ !!! — 200
WARNING:root:  2019-04-29 14:01:48 — !!! https://events.promgruz.com/ !!! — 200
WARNING:root:  2019-04-29 14:01:49 — !!! https://railexpoua.com/ !!! — 200
WARNING:root:  2019-04-29 14:01:50 — !!! https://freight-forum.com !!! — 200
WARNING:root:  2019-04-29 14:01:50 — !!! https://ukrvantage.com !!! — 200
WARNING:root:  2019-04-29 14:01:51 — !!! https://event.promgruz.com/dniproshipping !!! — 200
WARNING:root:  2019-04-29 14:01:52 — !!! https://event.promgruz.com/uarailways !!! — 200
ERROR:root:  2019-04-29 14:01:52 — !!! https://promgruz.com !!! BACK ONLINE — 200
WARNING:root:  2019-04-29 14:01:52 — !!! https://promgruz.com !!! — 200
ERROR:root:  2019-04-29 14:01:55 — !!! https://provagon.com !!! BACK ONLINE — 200
WARNING:root:  2019-04-29 14:01:55 — !!! https://provagon.com !!! — 200
WARNING:root:  2019-04-29 14:01:57 — !!! https://remontvagon.com/ !!! — 200
WARNING:root:  2019-04-29 14:01:58 — !!! https://zdperevozka.com/ !!! — 200
ERROR:root:  2019-04-29 14:01:59 — !!! http://test.mitenka.dp.ua/ !!! — 403
ERROR:root:  2019-04-29 14:02:19 — !!! http://127.0.0.1:8000/api/auth/login/ !!! — 405
WARNING:root:  2019-04-29 14:02:19 — !!! https://www.google.com/ !!! — 200
WARNING:root:  2019-04-29 14:02:20 — !!! https://events.promgruz.com/ !!! — 200
WARNING:root:  2019-04-29 14:02:20 — !!! https://railexpoua.com/ !!! — 200
WARNING:root:  2019-04-29 14:02:20 — !!! https://freight-forum.com !!! — 200
WARNING:root:  2019-04-29 14:02:21 — !!! https://ukrvantage.com !!! — 200
WARNING:root:  2019-04-29 14:02:21 — !!! https://event.promgruz.com/dniproshipping !!! — 200
WARNING:root:  2019-04-29 14:02:22 — !!! https://event.promgruz.com/uarailways !!! — 200
WARNING:root:  2019-04-29 14:02:22 — !!! https://promgruz.com !!! — 200
WARNING:root:  2019-04-29 14:02:23 — !!! https://provagon.com !!! — 200
WARNING:root:  2019-04-29 14:02:24 — !!! https://remontvagon.com/ !!! — 200
WARNING:root:  2019-04-29 14:02:24 — !!! https://zdperevozka.com/ !!! — 200
ERROR:root:  2019-04-29 14:02:25 — !!! http://test.mitenka.dp.ua/ !!! — 403
ERROR:root:  2019-04-29 14:02:54 — !!! http://127.0.0.1:8000/api/auth/login/ !!! — HTTPConnectionPool(host='127.0.0.1', port=8000): Max retries exceeded with url: /api/auth/login/ (Caused by NewConnectionError('<urllib3.connection.HTTPConnection object at 0x111808320>: Failed to establish a new connection: [Errno 61] Connection refused',))
WARNING:root:  2019-04-29 14:02:55 — !!! https://www.google.com/ !!! — 200
WARNING:root:  2019-04-29 14:02:55 — !!! https://events.promgruz.com/ !!! — 200
WARNING:root:  2019-04-29 14:02:56 — !!! https://railexpoua.com/ !!! — 200
WARNING:root:  2019-04-29 14:02:56 — !!! https://freight-forum.com !!! — 200
WARNING:root:  2019-04-29 14:02:56 — !!! https://ukrvantage.com !!! — 200
WARNING:root:  2019-04-29 14:02:57 — !!! https://event.promgruz.com/dniproshipping !!! — 200
WARNING:root:  2019-04-29 14:02:58 — !!! https://event.promgruz.com/uarailways !!! — 200
WARNING:root:  2019-04-29 14:02:58 — !!! https://promgruz.com !!! — 200
WARNING:root:  2019-04-29 14:02:59 — !!! https://provagon.com !!! — 200
WARNING:root:  2019-04-29 14:03:00 — !!! https://remontvagon.com/ !!! — 200
WARNING:root:  2019-04-29 14:03:00 — !!! https://zdperevozka.com/ !!! — 200
ERROR:root:  2019-04-29 14:03:01 — !!! http://test.mitenka.dp.ua/ !!! — 403
ERROR:root:  2019-04-29 14:03:22 — !!! http://127.0.0.1:8000/api/auth/login/ !!! — HTTPConnectionPool(host='127.0.0.1', port=8000): Max retries exceeded with url: /api/auth/login/ (Caused by NewConnectionError('<urllib3.connection.HTTPConnection object at 0x1163e5320>: Failed to establish a new connection: [Errno 61] Connection refused',))
WARNING:root:  2019-04-29 14:03:22 — !!! https://www.google.com/ !!! — 200
WARNING:root:  2019-04-29 14:03:22 — !!! https://events.promgruz.com/ !!! — 200
WARNING:root:  2019-04-29 14:03:22 — !!! https://railexpoua.com/ !!! — 200
WARNING:root:  2019-04-29 14:03:22 — !!! https://freight-forum.com !!! — 200
WARNING:root:  2019-04-29 14:03:23 — !!! https://ukrvantage.com !!! — 200
WARNING:root:  2019-04-29 14:03:23 — !!! https://event.promgruz.com/dniproshipping !!! — 200
WARNING:root:  2019-04-29 14:03:24 — !!! https://event.promgruz.com/uarailways !!! — 200
WARNING:root:  2019-04-29 14:03:24 — !!! https://promgruz.com !!! — 200
WARNING:root:  2019-04-29 14:03:26 — !!! https://provagon.com !!! — 200
WARNING:root:  2019-04-29 14:03:26 — !!! https://remontvagon.com/ !!! — 200
WARNING:root:  2019-04-29 14:03:26 — !!! https://zdperevozka.com/ !!! — 200
ERROR:root:  2019-04-29 14:03:27 — !!! http://test.mitenka.dp.ua/ !!! — 403
ERROR:root:  2019-04-29 14:03:32 — !!! http://127.0.0.1:8000/api/auth/login/ !!! — HTTPConnectionPool(host='127.0.0.1', port=8000): Max retries exceeded with url: /api/auth/login/ (Caused by NewConnectionError('<urllib3.connection.HTTPConnection object at 0x11e6112b0>: Failed to establish a new connection: [Errno 61] Connection refused',))
WARNING:root:  2019-04-29 14:03:32 — !!! https://www.google.com/ !!! — 200
WARNING:root:  2019-04-29 14:03:32 — !!! https://events.promgruz.com/ !!! — 200
WARNING:root:  2019-04-29 14:03:33 — !!! https://railexpoua.com/ !!! — 200
WARNING:root:  2019-04-29 14:03:33 — !!! https://freight-forum.com !!! — 200
WARNING:root:  2019-04-29 14:03:33 — !!! https://ukrvantage.com !!! — 200
WARNING:root:  2019-04-29 14:03:34 — !!! https://event.promgruz.com/dniproshipping !!! — 200
WARNING:root:  2019-04-29 14:03:35 — !!! https://event.promgruz.com/uarailways !!! — 200
WARNING:root:  2019-04-29 14:03:35 — !!! https://promgruz.com !!! — 200
WARNING:root:  2019-04-29 14:03:36 — !!! https://provagon.com !!! — 200
WARNING:root:  2019-04-29 14:03:37 — !!! https://remontvagon.com/ !!! — 200
WARNING:root:  2019-04-29 14:03:37 — !!! https://zdperevozka.com/ !!! — 200
ERROR:root:  2019-04-29 14:03:38 — !!! http://test.mitenka.dp.ua/ !!! — 403
WARNING:root:  2019-04-29 14:05:19 — !!! http://localhost:3000/ !!! — 200
WARNING:root:  2019-04-29 14:05:19 — !!! https://www.google.com/ !!! — 200
WARNING:root:  2019-04-29 14:05:19 — !!! https://events.promgruz.com/ !!! — 200
WARNING:root:  2019-04-29 14:05:19 — !!! https://railexpoua.com/ !!! — 200
WARNING:root:  2019-04-29 14:05:20 — !!! https://freight-forum.com !!! — 200
WARNING:root:  2019-04-29 14:05:20 — !!! https://ukrvantage.com !!! — 200
WARNING:root:  2019-04-29 14:05:21 — !!! https://event.promgruz.com/dniproshipping !!! — 200
WARNING:root:  2019-04-29 14:05:21 — !!! https://event.promgruz.com/uarailways !!! — 200
WARNING:root:  2019-04-29 14:05:22 — !!! https://promgruz.com !!! — 200
WARNING:root:  2019-04-29 14:05:24 — !!! https://provagon.com !!! — 200
WARNING:root:  2019-04-29 14:05:24 — !!! https://remontvagon.com/ !!! — 200
WARNING:root:  2019-04-29 14:05:25 — !!! https://zdperevozka.com/ !!! — 200
ERROR:root:  2019-04-29 14:05:26 — !!! http://test.mitenka.dp.ua/ !!! — 403
ERROR:root:  2019-04-29 14:06:04 — !!! http://localhost:3000/ !!! — HTTPConnectionPool(host='localhost', port=3000): Max retries exceeded with url: / (Caused by NewConnectionError('<urllib3.connection.HTTPConnection object at 0x109519320>: Failed to establish a new connection: [Errno 61] Connection refused',))
WARNING:root:  2019-04-29 14:06:05 — !!! https://www.google.com/ !!! — 200
WARNING:root:  2019-04-29 14:06:05 — !!! https://events.promgruz.com/ !!! — 200
WARNING:root:  2019-04-29 14:06:06 — !!! https://railexpoua.com/ !!! — 200
WARNING:root:  2019-04-29 14:06:06 — !!! https://freight-forum.com !!! — 200
WARNING:root:  2019-04-29 14:06:06 — !!! https://ukrvantage.com !!! — 200
WARNING:root:  2019-04-29 14:06:07 — !!! https://event.promgruz.com/dniproshipping !!! — 200
WARNING:root:  2019-04-29 14:06:08 — !!! https://event.promgruz.com/uarailways !!! — 200
WARNING:root:  2019-04-29 14:06:08 — !!! https://promgruz.com !!! — 200
WARNING:root:  2019-04-29 14:06:09 — !!! https://provagon.com !!! — 200
WARNING:root:  2019-04-29 14:06:10 — !!! https://remontvagon.com/ !!! — 200
WARNING:root:  2019-04-29 14:06:10 — !!! https://zdperevozka.com/ !!! — 200
ERROR:root:  2019-04-29 14:06:11 — !!! http://test.mitenka.dp.ua/ !!! — 403
ERROR:root:  2019-04-29 14:06:15 — !!! http://localhost:3000/ !!! — HTTPConnectionPool(host='localhost', port=3000): Max retries exceeded with url: / (Caused by NewConnectionError('<urllib3.connection.HTTPConnection object at 0x114bff2b0>: Failed to establish a new connection: [Errno 61] Connection refused',))
WARNING:root:  2019-04-29 14:06:15 — !!! https://www.google.com/ !!! — 200
WARNING:root:  2019-04-29 14:06:15 — !!! https://events.promgruz.com/ !!! — 200
WARNING:root:  2019-04-29 14:06:15 — !!! https://railexpoua.com/ !!! — 200
WARNING:root:  2019-04-29 14:06:16 — !!! https://freight-forum.com !!! — 200
WARNING:root:  2019-04-29 14:06:16 — !!! https://ukrvantage.com !!! — 200
WARNING:root:  2019-04-29 14:06:17 — !!! https://event.promgruz.com/dniproshipping !!! — 200
WARNING:root:  2019-04-29 14:06:17 — !!! https://event.promgruz.com/uarailways !!! — 200
WARNING:root:  2019-04-29 14:06:18 — !!! https://promgruz.com !!! — 200
WARNING:root:  2019-04-29 14:06:19 — !!! https://provagon.com !!! — 200
WARNING:root:  2019-04-29 14:06:20 — !!! https://remontvagon.com/ !!! — 200
WARNING:root:  2019-04-29 14:06:20 — !!! https://zdperevozka.com/ !!! — 200
ERROR:root:  2019-04-29 14:06:21 — !!! http://test.mitenka.dp.ua/ !!! — 403
ERROR:root:  2019-04-29 14:06:24 — !!! http://localhost:3000/ !!! — HTTPConnectionPool(host='localhost', port=3000): Max retries exceeded with url: / (Caused by NewConnectionError('<urllib3.connection.HTTPConnection object at 0x10eb902b0>: Failed to establish a new connection: [Errno 61] Connection refused',))
WARNING:root:  2019-04-29 14:06:24 — !!! https://www.google.com/ !!! — 200
WARNING:root:  2019-04-29 14:06:24 — !!! https://events.promgruz.com/ !!! — 200
WARNING:root:  2019-04-29 14:06:24 — !!! https://railexpoua.com/ !!! — 200
WARNING:root:  2019-04-29 14:06:25 — !!! https://freight-forum.com !!! — 200
WARNING:root:  2019-04-29 14:06:25 — !!! https://ukrvantage.com !!! — 200
WARNING:root:  2019-04-29 14:06:25 — !!! https://event.promgruz.com/dniproshipping !!! — 200
WARNING:root:  2019-04-29 14:06:26 — !!! https://event.promgruz.com/uarailways !!! — 200
WARNING:root:  2019-04-29 14:06:27 — !!! https://promgruz.com !!! — 200
WARNING:root:  2019-04-29 14:06:28 — !!! https://provagon.com !!! — 200
WARNING:root:  2019-04-29 14:06:28 — !!! https://remontvagon.com/ !!! — 200
WARNING:root:  2019-04-29 14:06:29 — !!! https://zdperevozka.com/ !!! — 200
ERROR:root:  2019-04-29 14:06:29 — !!! http://test.mitenka.dp.ua/ !!! — 403
ERROR:root:  2019-04-29 14:07:02 — !!! http://localhost:3000/ !!! BACK ONLINE — 200
WARNING:root:  2019-04-29 14:07:02 — !!! http://localhost:3000/ !!! — 200
WARNING:root:  2019-04-29 14:07:03 — !!! https://www.google.com/ !!! — 200
WARNING:root:  2019-04-29 14:07:03 — !!! https://events.promgruz.com/ !!! — 200
WARNING:root:  2019-04-29 14:07:03 — !!! https://railexpoua.com/ !!! — 200
WARNING:root:  2019-04-29 14:07:04 — !!! https://freight-forum.com !!! — 200
WARNING:root:  2019-04-29 14:07:04 — !!! https://ukrvantage.com !!! — 200
WARNING:root:  2019-04-29 14:07:05 — !!! https://event.promgruz.com/dniproshipping !!! — 200
WARNING:root:  2019-04-29 14:07:05 — !!! https://event.promgruz.com/uarailways !!! — 200
WARNING:root:  2019-04-29 14:07:06 — !!! https://promgruz.com !!! — 200
WARNING:root:  2019-04-29 14:07:07 — !!! https://provagon.com !!! — 200
WARNING:root:  2019-04-29 14:07:08 — !!! https://remontvagon.com/ !!! — 200
WARNING:root:  2019-04-29 14:07:08 — !!! https://zdperevozka.com/ !!! — 200
ERROR:root:  2019-04-29 14:07:08 — !!! http://test.mitenka.dp.ua/ !!! — 403
WARNING:root:  2019-04-29 14:37:33 — !!! http://localhost:3000/ !!! — 200
WARNING:root:  2019-04-29 14:37:33 — !!! https://www.google.com/ !!! — 200
WARNING:root:  2019-04-29 14:37:33 — !!! https://events.promgruz.com/ !!! — 200
WARNING:root:  2019-04-29 14:37:33 — !!! https://railexpoua.com/ !!! — 200
WARNING:root:  2019-04-29 14:37:34 — !!! https://freight-forum.com !!! — 200
WARNING:root:  2019-04-29 14:37:34 — !!! https://ukrvantage.com !!! — 200
WARNING:root:  2019-04-29 14:37:35 — !!! https://event.promgruz.com/dniproshipping !!! — 200
WARNING:root:  2019-04-29 14:37:35 — !!! https://event.promgruz.com/uarailways !!! — 200
WARNING:root:  2019-04-29 14:37:36 — !!! https://promgruz.com !!! — 200
ERROR:root:  2019-04-29 14:46:50 — !!! http://localhost:3000/ !!! BACK ONLINE — 200
WARNING:root:  2019-04-29 14:46:50 — !!! http://localhost:3000/ !!! — 200
ERROR:root:  2019-04-29 14:46:52 — !!! https://www.google.com/ !!! BACK ONLINE — 200
WARNING:root:  2019-04-29 14:46:52 — !!! https://www.google.com/ !!! — 200
ERROR:root:  2019-04-29 14:46:53 — !!! https://events.promgruz.com/ !!! BACK ONLINE — 200
WARNING:root:  2019-04-29 14:46:53 — !!! https://events.promgruz.com/ !!! — 200
ERROR:root:  2019-04-29 14:46:55 — !!! https://railexpoua.com/ !!! BACK ONLINE — 200
WARNING:root:  2019-04-29 14:46:55 — !!! https://railexpoua.com/ !!! — 200
ERROR:root:  2019-04-29 14:46:56 — !!! https://freight-forum.com !!! BACK ONLINE — 200
WARNING:root:  2019-04-29 14:46:56 — !!! https://freight-forum.com !!! — 200
ERROR:root:  2019-04-29 14:46:58 — !!! https://ukrvantage.com !!! BACK ONLINE — 200
WARNING:root:  2019-04-29 14:46:58 — !!! https://ukrvantage.com !!! — 200
ERROR:root:  2019-04-29 14:47:00 — !!! https://event.promgruz.com/dniproshipping !!! BACK ONLINE — 200
WARNING:root:  2019-04-29 14:47:00 — !!! https://event.promgruz.com/dniproshipping !!! — 200
ERROR:root:  2019-04-29 14:47:02 — !!! https://event.promgruz.com/uarailways !!! BACK ONLINE — 200
WARNING:root:  2019-04-29 14:47:02 — !!! https://event.promgruz.com/uarailways !!! — 200
ERROR:root:  2019-04-29 14:47:03 — !!! https://promgruz.com !!! BACK ONLINE — 200
WARNING:root:  2019-04-29 14:47:03 — !!! https://promgruz.com !!! — 200
ERROR:root:  2019-04-29 14:47:06 — !!! https://provagon.com !!! BACK ONLINE — 200
WARNING:root:  2019-04-29 14:47:06 — !!! https://provagon.com !!! — 200
ERROR:root:  2019-04-29 14:47:07 — !!! https://remontvagon.com/ !!! BACK ONLINE — 200
WARNING:root:  2019-04-29 14:47:07 — !!! https://remontvagon.com/ !!! — 200
ERROR:root:  2019-04-29 14:47:09 — !!! https://zdperevozka.com/ !!! BACK ONLINE — 200
WARNING:root:  2019-04-29 14:47:09 — !!! https://zdperevozka.com/ !!! — 200
ERROR:root:  2019-04-29 14:47:10 — !!! http://test.mitenka.dp.ua/ !!! — 403
WARNING:root:  2019-04-29 14:47:10 — !!! http://test.mitenka.dp.ua/ !!! — 403
WARNING:root:  2019-04-29 14:47:13 — !!! http://localhost:3000/ !!! — 200
WARNING:root:  2019-04-29 14:47:13 — !!! https://www.google.com/ !!! — 200
WARNING:root:  2019-04-29 14:47:13 — !!! https://events.promgruz.com/ !!! — 200
WARNING:root:  2019-04-29 14:47:13 — !!! https://railexpoua.com/ !!! — 200
WARNING:root:  2019-04-29 14:47:14 — !!! https://freight-forum.com !!! — 200
WARNING:root:  2019-04-29 14:47:14 — !!! https://ukrvantage.com !!! — 200
WARNING:root:  2019-04-29 14:47:15 — !!! https://event.promgruz.com/dniproshipping !!! — 200
WARNING:root:  2019-04-29 14:47:15 — !!! https://event.promgruz.com/uarailways !!! — 200
WARNING:root:  2019-04-29 14:47:16 — !!! https://promgruz.com !!! — 200
WARNING:root:  2019-04-29 14:47:17 — !!! https://provagon.com !!! — 200
WARNING:root:  2019-04-29 14:47:17 — !!! https://remontvagon.com/ !!! — 200
WARNING:root:  2019-04-29 14:47:18 — !!! https://zdperevozka.com/ !!! — 200
ERROR:root:  2019-04-29 14:47:18 — !!! http://test.mitenka.dp.ua/ !!! — 403
WARNING:root:  2019-04-29 14:47:18 — !!! http://test.mitenka.dp.ua/ !!! — 403
WARNING:root:  2019-04-29 14:48:02 — !!! http://localhost:3000/ !!! — 200
WARNING:root:  2019-04-29 14:48:02 — !!! https://www.google.com/ !!! — 200
WARNING:root:  2019-04-29 14:48:03 — !!! https://events.promgruz.com/ !!! — 200
WARNING:root:  2019-04-29 14:48:03 — !!! https://railexpoua.com/ !!! — 200
WARNING:root:  2019-04-29 14:48:03 — !!! https://freight-forum.com !!! — 200
WARNING:root:  2019-04-29 14:48:03 — !!! https://ukrvantage.com !!! — 200
WARNING:root:  2019-04-29 14:48:04 — !!! https://event.promgruz.com/dniproshipping !!! — 200
WARNING:root:  2019-04-29 14:48:05 — !!! https://event.promgruz.com/uarailways !!! — 200
WARNING:root:  2019-04-29 14:48:05 — !!! https://promgruz.com !!! — 200
WARNING:root:  2019-04-29 14:48:06 — !!! https://provagon.com !!! — 200
WARNING:root:  2019-04-29 14:48:07 — !!! https://remontvagon.com/ !!! — 200
WARNING:root:  2019-04-29 14:48:07 — !!! https://zdperevozka.com/ !!! — 200
ERROR:root:  2019-04-29 14:48:08 — !!! http://test.mitenka.dp.ua/ !!! — 403
WARNING:root:  2019-04-29 14:48:08 — !!! http://test.mitenka.dp.ua/ !!! — 403
WARNING:root:  2019-04-29 14:48:14 — !!! http://localhost:3000/ !!! — 200
WARNING:root:  2019-04-29 14:48:14 — !!! https://www.google.com/ !!! — 200
WARNING:root:  2019-04-29 14:48:14 — !!! https://events.promgruz.com/ !!! — 200
WARNING:root:  2019-04-29 14:48:15 — !!! https://railexpoua.com/ !!! — 200
WARNING:root:  2019-04-29 14:48:15 — !!! https://freight-forum.com !!! — 200
WARNING:root:  2019-04-29 14:48:15 — !!! https://ukrvantage.com !!! — 200
WARNING:root:  2019-04-29 14:48:16 — !!! https://event.promgruz.com/dniproshipping !!! — 200
WARNING:root:  2019-04-29 14:48:17 — !!! https://event.promgruz.com/uarailways !!! — 200
WARNING:root:  2019-04-29 14:48:17 — !!! https://promgruz.com !!! — 200
WARNING:root:  2019-04-29 14:48:18 — !!! https://provagon.com !!! — 200
WARNING:root:  2019-04-29 14:48:19 — !!! https://remontvagon.com/ !!! — 200
WARNING:root:  2019-04-29 14:48:19 — !!! https://zdperevozka.com/ !!! — 200
ERROR:root:  2019-04-29 14:48:20 — !!! http://test.mitenka.dp.ua/ !!! — 403
WARNING:root:  2019-04-29 14:48:20 — !!! http://test.mitenka.dp.ua/ !!! — 403
ERROR:root:  2019-04-29 14:48:58 — !!! http://localhost:3000/ !!! — HTTPConnectionPool(host='localhost', port=3000): Max retries exceeded with url: / (Caused by NewConnectionError('<urllib3.connection.HTTPConnection object at 0x112b09278>: Failed to establish a new connection: [Errno 61] Connection refused',))
WARNING:root:  2019-04-29 14:48:59 — !!! https://www.google.com/ !!! — 200
WARNING:root:  2019-04-29 14:48:59 — !!! https://events.promgruz.com/ !!! — 200
WARNING:root:  2019-04-29 14:48:59 — !!! https://railexpoua.com/ !!! — 200
WARNING:root:  2019-04-29 14:49:00 — !!! https://freight-forum.com !!! — 200
WARNING:root:  2019-04-29 14:49:00 — !!! https://ukrvantage.com !!! — 200
WARNING:root:  2019-04-29 14:49:01 — !!! https://event.promgruz.com/dniproshipping !!! — 200
WARNING:root:  2019-04-29 14:49:01 — !!! https://event.promgruz.com/uarailways !!! — 200
WARNING:root:  2019-04-29 14:49:02 — !!! https://promgruz.com !!! — 200
WARNING:root:  2019-04-29 14:49:03 — !!! https://provagon.com !!! — 200
WARNING:root:  2019-04-29 14:49:04 — !!! https://remontvagon.com/ !!! — 200
WARNING:root:  2019-04-29 14:49:04 — !!! https://zdperevozka.com/ !!! — 200
ERROR:root:  2019-04-29 14:49:05 — !!! http://test.mitenka.dp.ua/ !!! — 403
WARNING:root:  2019-04-29 14:49:05 — !!! http://test.mitenka.dp.ua/ !!! — 403
ERROR:root:  2019-04-29 14:49:09 — !!! http://localhost:3000/ !!! — HTTPConnectionPool(host='localhost', port=3000): Max retries exceeded with url: / (Caused by NewConnectionError('<urllib3.connection.HTTPConnection object at 0x10fb56320>: Failed to establish a new connection: [Errno 61] Connection refused',))
WARNING:root:  2019-04-29 14:49:10 — !!! https://www.google.com/ !!! — 200
WARNING:root:  2019-04-29 14:49:10 — !!! https://events.promgruz.com/ !!! — 200
WARNING:root:  2019-04-29 14:49:10 — !!! https://railexpoua.com/ !!! — 200
WARNING:root:  2019-04-29 14:49:11 — !!! https://freight-forum.com !!! — 200
WARNING:root:  2019-04-29 14:49:11 — !!! https://ukrvantage.com !!! — 200
WARNING:root:  2019-04-29 14:49:12 — !!! https://event.promgruz.com/dniproshipping !!! — 200
WARNING:root:  2019-04-29 14:49:12 — !!! https://event.promgruz.com/uarailways !!! — 200
WARNING:root:  2019-04-29 14:49:13 — !!! https://promgruz.com !!! — 200
WARNING:root:  2019-04-29 14:49:14 — !!! https://provagon.com !!! — 200
WARNING:root:  2019-04-29 14:49:14 — !!! https://remontvagon.com/ !!! — 200
WARNING:root:  2019-04-29 14:49:15 — !!! https://zdperevozka.com/ !!! — 200
ERROR:root:  2019-04-29 14:49:15 — !!! http://test.mitenka.dp.ua/ !!! — 403
WARNING:root:  2019-04-29 14:49:15 — !!! http://test.mitenka.dp.ua/ !!! — 403
WARNING:root:  2019-04-29 14:56:56 — !!! http://localhost:3000/ !!! — 200
WARNING:root:  2019-04-29 14:56:56 — !!! https://www.google.com/ !!! — 200
WARNING:root:  2019-04-29 14:56:57 — !!! https://events.promgruz.com/ !!! — 200
WARNING:root:  2019-04-29 14:56:57 — !!! https://railexpoua.com/ !!! — 200
WARNING:root:  2019-04-29 14:56:58 — !!! https://freight-forum.com !!! — 200
WARNING:root:  2019-04-29 14:56:59 — !!! https://ukrvantage.com !!! — 200
WARNING:root:  2019-04-29 14:57:00 — !!! https://event.promgruz.com/dniproshipping !!! — 200
WARNING:root:  2019-04-29 14:57:01 — !!! https://event.promgruz.com/uarailways !!! — 200
WARNING:root:  2019-04-29 14:57:02 — !!! https://promgruz.com !!! — 200
WARNING:root:  2019-04-29 14:57:03 — !!! https://provagon.com !!! — 200
WARNING:root:  2019-04-29 14:57:03 — !!! https://remontvagon.com/ !!! — 200
WARNING:root:  2019-04-29 14:57:04 — !!! https://zdperevozka.com/ !!! — 200
ERROR:root:  2019-04-29 14:57:05 — !!! http://test.mitenka.dp.ua/ !!! — 403
WARNING:root:  2019-04-29 14:57:25 — !!! http://localhost:3000/ !!! — 200
WARNING:root:  2019-04-29 14:57:25 — !!! https://www.google.com/ !!! — 200
WARNING:root:  2019-04-29 14:57:25 — !!! https://events.promgruz.com/ !!! — 200
WARNING:root:  2019-04-29 14:57:26 — !!! https://railexpoua.com/ !!! — 200
WARNING:root:  2019-04-29 14:57:26 — !!! https://freight-forum.com !!! — 200
WARNING:root:  2019-04-29 14:57:26 — !!! https://ukrvantage.com !!! — 200
WARNING:root:  2019-04-29 14:57:27 — !!! https://event.promgruz.com/dniproshipping !!! — 200
WARNING:root:  2019-04-29 14:57:27 — !!! https://event.promgruz.com/uarailways !!! — 200
WARNING:root:  2019-04-29 14:57:28 — !!! https://promgruz.com !!! — 200
WARNING:root:  2019-04-29 14:57:29 — !!! https://provagon.com !!! — 200
WARNING:root:  2019-04-29 14:57:30 — !!! https://remontvagon.com/ !!! — 200
WARNING:root:  2019-04-29 14:57:30 — !!! https://zdperevozka.com/ !!! — 200
ERROR:root:  2019-04-29 14:57:31 — !!! http://test.mitenka.dp.ua/ !!! — 403
WARNING:root:  2019-04-29 14:57:31 — !!! http://test.mitenka.dp.ua/ !!! — 403
ERROR:root:  2019-04-29 14:57:55 — !!! http://localhost:3000/ !!! — HTTPConnectionPool(host='localhost', port=3000): Max retries exceeded with url: / (Caused by NewConnectionError('<urllib3.connection.HTTPConnection object at 0x1125ad320>: Failed to establish a new connection: [Errno 61] Connection refused',))
WARNING:root:  2019-04-29 14:57:56 — !!! https://www.google.com/ !!! — 200
WARNING:root:  2019-04-29 14:57:57 — !!! https://events.promgruz.com/ !!! — 200
WARNING:root:  2019-04-29 14:57:57 — !!! https://railexpoua.com/ !!! — 200
WARNING:root:  2019-04-29 14:57:57 — !!! https://freight-forum.com !!! — 200
WARNING:root:  2019-04-29 14:57:58 — !!! https://ukrvantage.com !!! — 200
WARNING:root:  2019-04-29 14:57:58 — !!! https://event.promgruz.com/dniproshipping !!! — 200
WARNING:root:  2019-04-29 14:57:59 — !!! https://event.promgruz.com/uarailways !!! — 200
WARNING:root:  2019-04-29 14:57:59 — !!! https://promgruz.com !!! — 200
WARNING:root:  2019-04-29 14:58:00 — !!! https://provagon.com !!! — 200
WARNING:root:  2019-04-29 14:58:01 — !!! https://remontvagon.com/ !!! — 200
WARNING:root:  2019-04-29 14:58:01 — !!! https://zdperevozka.com/ !!! — 200
ERROR:root:  2019-04-29 14:58:02 — !!! http://test.mitenka.dp.ua/ !!! — 403
WARNING:root:  2019-04-29 14:58:02 — !!! http://test.mitenka.dp.ua/ !!! — 403
ERROR:root:  2019-04-29 14:58:04 — !!! http://localhost:3000/ !!! — HTTPConnectionPool(host='localhost', port=3000): Max retries exceeded with url: / (Caused by NewConnectionError('<urllib3.connection.HTTPConnection object at 0x1103dc2e8>: Failed to establish a new connection: [Errno 61] Connection refused',))
WARNING:root:  2019-04-29 14:58:04 — !!! https://www.google.com/ !!! — 200
WARNING:root:  2019-04-29 14:58:04 — !!! https://events.promgruz.com/ !!! — 200
WARNING:root:  2019-04-29 14:58:04 — !!! https://railexpoua.com/ !!! — 200
WARNING:root:  2019-04-29 14:58:05 — !!! https://freight-forum.com !!! — 200
WARNING:root:  2019-04-29 14:58:05 — !!! https://ukrvantage.com !!! — 200
WARNING:root:  2019-04-29 14:58:06 — !!! https://event.promgruz.com/dniproshipping !!! — 200
WARNING:root:  2019-04-29 14:58:06 — !!! https://event.promgruz.com/uarailways !!! — 200
WARNING:root:  2019-04-29 14:58:07 — !!! https://promgruz.com !!! — 200
WARNING:root:  2019-04-29 14:58:08 — !!! https://provagon.com !!! — 200
WARNING:root:  2019-04-29 14:58:08 — !!! https://remontvagon.com/ !!! — 200
WARNING:root:  2019-04-29 14:58:09 — !!! https://zdperevozka.com/ !!! — 200
ERROR:root:  2019-04-29 14:58:09 — !!! http://test.mitenka.dp.ua/ !!! — 403
WARNING:root:  2019-04-29 14:58:09 — !!! http://test.mitenka.dp.ua/ !!! — 403
ERROR:root:  2019-04-29 14:58:12 — !!! http://localhost:3000/ !!! — HTTPConnectionPool(host='localhost', port=3000): Max retries exceeded with url: / (Caused by NewConnectionError('<urllib3.connection.HTTPConnection object at 0x1149c12e8>: Failed to establish a new connection: [Errno 61] Connection refused',))
WARNING:root:  2019-04-29 14:58:12 — !!! https://www.google.com/ !!! — 200
WARNING:root:  2019-04-29 14:58:12 — !!! https://events.promgruz.com/ !!! — 200
WARNING:root:  2019-04-29 14:58:13 — !!! https://railexpoua.com/ !!! — 200
WARNING:root:  2019-04-29 14:58:13 — !!! https://freight-forum.com !!! — 200
WARNING:root:  2019-04-29 14:58:13 — !!! https://ukrvantage.com !!! — 200
WARNING:root:  2019-04-29 14:58:14 — !!! https://event.promgruz.com/dniproshipping !!! — 200
WARNING:root:  2019-04-29 14:58:14 — !!! https://event.promgruz.com/uarailways !!! — 200
WARNING:root:  2019-04-29 14:58:15 — !!! https://promgruz.com !!! — 200
WARNING:root:  2019-04-29 14:58:16 — !!! https://provagon.com !!! — 200
WARNING:root:  2019-04-29 14:58:17 — !!! https://remontvagon.com/ !!! — 200
WARNING:root:  2019-04-29 14:58:17 — !!! https://zdperevozka.com/ !!! — 200
ERROR:root:  2019-04-29 14:58:17 — !!! http://test.mitenka.dp.ua/ !!! — 403
WARNING:root:  2019-04-29 14:58:17 — !!! http://test.mitenka.dp.ua/ !!! — 403
ERROR:root:  2019-04-29 14:58:20 — !!! http://localhost:3000/ !!! — HTTPConnectionPool(host='localhost', port=3000): Max retries exceeded with url: / (Caused by NewConnectionError('<urllib3.connection.HTTPConnection object at 0x1123ec320>: Failed to establish a new connection: [Errno 61] Connection refused',))
WARNING:root:  2019-04-29 14:58:20 — !!! https://www.google.com/ !!! — 200
WARNING:root:  2019-04-29 14:58:20 — !!! https://events.promgruz.com/ !!! — 200
WARNING:root:  2019-04-29 14:58:20 — !!! https://railexpoua.com/ !!! — 200
WARNING:root:  2019-04-29 14:58:20 — !!! https://freight-forum.com !!! — 200
WARNING:root:  2019-04-29 14:58:21 — !!! https://ukrvantage.com !!! — 200
WARNING:root:  2019-04-29 14:58:21 — !!! https://event.promgruz.com/dniproshipping !!! — 200
WARNING:root:  2019-04-29 14:58:22 — !!! https://event.promgruz.com/uarailways !!! — 200
WARNING:root:  2019-04-29 14:58:23 — !!! https://promgruz.com !!! — 200
WARNING:root:  2019-04-29 14:58:24 — !!! https://provagon.com !!! — 200
WARNING:root:  2019-04-29 14:58:24 — !!! https://remontvagon.com/ !!! — 200
WARNING:root:  2019-04-29 14:58:25 — !!! https://zdperevozka.com/ !!! — 200
ERROR:root:  2019-04-29 14:58:25 — !!! http://test.mitenka.dp.ua/ !!! — 403
WARNING:root:  2019-04-29 14:58:25 — !!! http://test.mitenka.dp.ua/ !!! — 403
ERROR:root:  2019-04-29 14:58:50 — !!! http://localhost:3000/ !!! BACK ONLINE — 200
WARNING:root:  2019-04-29 14:58:50 — !!! http://localhost:3000/ !!! — 200
WARNING:root:  2019-04-29 14:58:51 — !!! https://www.google.com/ !!! — 200
WARNING:root:  2019-04-29 14:58:51 — !!! https://events.promgruz.com/ !!! — 200
WARNING:root:  2019-04-29 14:58:52 — !!! https://railexpoua.com/ !!! — 200
WARNING:root:  2019-04-29 14:58:52 — !!! https://freight-forum.com !!! — 200
WARNING:root:  2019-04-29 14:58:52 — !!! https://ukrvantage.com !!! — 200
WARNING:root:  2019-04-29 14:58:54 — !!! https://event.promgruz.com/dniproshipping !!! — 200
WARNING:root:  2019-04-29 14:58:55 — !!! https://event.promgruz.com/uarailways !!! — 200
WARNING:root:  2019-04-29 14:58:55 — !!! https://promgruz.com !!! — 200
WARNING:root:  2019-04-29 14:58:56 — !!! https://provagon.com !!! — 200
WARNING:root:  2019-04-29 14:58:57 — !!! https://remontvagon.com/ !!! — 200
WARNING:root:  2019-04-29 14:58:57 — !!! https://zdperevozka.com/ !!! — 200
ERROR:root:  2019-04-29 14:58:58 — !!! http://test.mitenka.dp.ua/ !!! — 403
WARNING:root:  2019-04-29 14:58:58 — !!! http://test.mitenka.dp.ua/ !!! — 403
WARNING:root:  2019-04-29 14:59:00 — !!! http://localhost:3000/ !!! — 200
WARNING:root:  2019-04-29 14:59:00 — !!! https://www.google.com/ !!! — 200
WARNING:root:  2019-04-29 14:59:01 — !!! https://events.promgruz.com/ !!! — 200
WARNING:root:  2019-04-29 14:59:01 — !!! https://railexpoua.com/ !!! — 200
WARNING:root:  2019-04-29 14:59:01 — !!! https://freight-forum.com !!! — 200
WARNING:root:  2019-04-29 14:59:02 — !!! https://ukrvantage.com !!! — 200
WARNING:root:  2019-04-29 14:59:02 — !!! https://event.promgruz.com/dniproshipping !!! — 200
WARNING:root:  2019-04-29 14:59:03 — !!! https://event.promgruz.com/uarailways !!! — 200
WARNING:root:  2019-04-29 14:59:03 — !!! https://promgruz.com !!! — 200
WARNING:root:  2019-04-29 14:59:05 — !!! https://provagon.com !!! — 200
WARNING:root:  2019-04-29 14:59:05 — !!! https://remontvagon.com/ !!! — 200
WARNING:root:  2019-04-29 14:59:06 — !!! https://zdperevozka.com/ !!! — 200
ERROR:root:  2019-04-29 14:59:06 — !!! http://test.mitenka.dp.ua/ !!! — 403
WARNING:root:  2019-04-29 14:59:06 — !!! http://test.mitenka.dp.ua/ !!! — 403
ERROR:root:  2019-04-29 14:59:17 — !!! http://localhost:3000/ !!! — HTTPConnectionPool(host='localhost', port=3000): Max retries exceeded with url: / (Caused by NewConnectionError('<urllib3.connection.HTTPConnection object at 0x1161dc2e8>: Failed to establish a new connection: [Errno 61] Connection refused',))
WARNING:root:  2019-04-29 14:59:19 — !!! https://www.google.com/ !!! — 200
WARNING:root:  2019-04-29 14:59:19 — !!! https://events.promgruz.com/ !!! — 200
WARNING:root:  2019-04-29 14:59:19 — !!! https://railexpoua.com/ !!! — 200
WARNING:root:  2019-04-29 14:59:20 — !!! https://freight-forum.com !!! — 200
WARNING:root:  2019-04-29 14:59:20 — !!! https://ukrvantage.com !!! — 200
WARNING:root:  2019-04-29 14:59:21 — !!! https://event.promgruz.com/dniproshipping !!! — 200
WARNING:root:  2019-04-29 14:59:21 — !!! https://event.promgruz.com/uarailways !!! — 200
WARNING:root:  2019-04-29 14:59:22 — !!! https://promgruz.com !!! — 200
WARNING:root:  2019-04-29 14:59:23 — !!! https://provagon.com !!! — 200
WARNING:root:  2019-04-29 14:59:24 — !!! https://remontvagon.com/ !!! — 200
WARNING:root:  2019-04-29 14:59:24 — !!! https://zdperevozka.com/ !!! — 200
ERROR:root:  2019-04-29 14:59:24 — !!! http://test.mitenka.dp.ua/ !!! — 403
ERROR:root:  2019-04-29 14:59:39 — !!! http://localhost:3000/ !!! — HTTPConnectionPool(host='localhost', port=3000): Max retries exceeded with url: / (Caused by NewConnectionError('<urllib3.connection.HTTPConnection object at 0x113873320>: Failed to establish a new connection: [Errno 61] Connection refused',))
WARNING:root:  2019-04-29 14:59:39 — !!! https://www.google.com/ !!! — 200
WARNING:root:  2019-04-29 14:59:40 — !!! https://events.promgruz.com/ !!! — 200
WARNING:root:  2019-04-29 14:59:40 — !!! https://railexpoua.com/ !!! — 200
WARNING:root:  2019-04-29 14:59:40 — !!! https://freight-forum.com !!! — 200
WARNING:root:  2019-04-29 14:59:41 — !!! https://ukrvantage.com !!! — 200
WARNING:root:  2019-04-29 14:59:41 — !!! https://event.promgruz.com/dniproshipping !!! — 200
WARNING:root:  2019-04-29 14:59:42 — !!! https://event.promgruz.com/uarailways !!! — 200
WARNING:root:  2019-04-29 14:59:42 — !!! https://promgruz.com !!! — 200
WARNING:root:  2019-04-29 14:59:44 — !!! https://provagon.com !!! — 200
WARNING:root:  2019-04-29 14:59:44 — !!! https://remontvagon.com/ !!! — 200
WARNING:root:  2019-04-29 14:59:45 — !!! https://zdperevozka.com/ !!! — 200
ERROR:root:  2019-04-29 14:59:45 — !!! http://test.mitenka.dp.ua/ !!! — 403
WARNING:root:  2019-04-29 14:59:45 — !!! http://test.mitenka.dp.ua/ !!! — 403
ERROR:root:  2019-04-29 15:00:13 — !!! http://localhost:3000/ !!! BACK ONLINE — 200
WARNING:root:  2019-04-29 15:00:13 — !!! http://localhost:3000/ !!! — 200
WARNING:root:  2019-04-29 15:00:14 — !!! https://www.google.com/ !!! — 200
WARNING:root:  2019-04-29 15:00:14 — !!! https://events.promgruz.com/ !!! — 200
WARNING:root:  2019-04-29 15:00:14 — !!! https://railexpoua.com/ !!! — 200
WARNING:root:  2019-04-29 15:00:15 — !!! https://freight-forum.com !!! — 200
WARNING:root:  2019-04-29 15:00:15 — !!! https://ukrvantage.com !!! — 200
WARNING:root:  2019-04-29 15:00:16 — !!! https://event.promgruz.com/dniproshipping !!! — 200
WARNING:root:  2019-04-29 15:00:16 — !!! https://event.promgruz.com/uarailways !!! — 200
WARNING:root:  2019-04-29 15:00:17 — !!! https://promgruz.com !!! — 200
WARNING:root:  2019-04-29 15:00:18 — !!! https://provagon.com !!! — 200
WARNING:root:  2019-04-29 15:00:19 — !!! https://remontvagon.com/ !!! — 200
WARNING:root:  2019-04-29 15:00:19 — !!! https://zdperevozka.com/ !!! — 200
ERROR:root:  2019-04-29 15:00:20 — !!! http://test.mitenka.dp.ua/ !!! — 403
WARNING:root:  2019-04-29 15:00:20 — !!! http://test.mitenka.dp.ua/ !!! — 403
WARNING:root:  2019-04-29 21:09:30 — !!! http://localhost:3000/ !!! — 200
WARNING:root:  2019-04-29 21:09:30 — !!! https://www.google.com/ !!! — 200
WARNING:root:  2019-04-29 21:09:30 — !!! https://events.promgruz.com/ !!! — 200
WARNING:root:  2019-04-29 21:09:31 — !!! https://railexpoua.com/ !!! — 200
WARNING:root:  2019-04-29 21:09:31 — !!! https://freight-forum.com !!! — 200
WARNING:root:  2019-04-29 21:09:32 — !!! https://ukrvantage.com !!! — 200
WARNING:root:  2019-04-29 21:09:33 — !!! https://event.promgruz.com/dniproshipping !!! — 200
WARNING:root:  2019-04-29 21:09:33 — !!! https://event.promgruz.com/uarailways !!! — 200
WARNING:root:  2019-04-29 21:09:34 — !!! https://promgruz.com !!! — 200
WARNING:root:  2019-04-29 21:09:35 — !!! https://provagon.com !!! — 200
WARNING:root:  2019-04-29 21:09:36 — !!! https://remontvagon.com/ !!! — 200
WARNING:root:  2019-04-29 21:09:37 — !!! https://zdperevozka.com/ !!! — 200
ERROR:root:  2019-04-29 21:09:38 — !!! http://test.mitenka.dp.ua/ !!! — 403
WARNING:root:  2019-04-29 21:09:38 — !!! http://test.mitenka.dp.ua/ !!! — 403
